[35m[1mScanning dependencies of target actionlib_msgs_generate_messages_eus[0m
[  0%] Built target actionlib_msgs_generate_messages_eus
[35m[1mScanning dependencies of target geometry_msgs_generate_messages_eus[0m
[  0%] Built target geometry_msgs_generate_messages_eus
[35m[1mScanning dependencies of target geometry_msgs_generate_messages_py[0m
[  0%] Built target geometry_msgs_generate_messages_py
[35m[1mScanning dependencies of target actionlib_msgs_generate_messages_py[0m
[  0%] Built target actionlib_msgs_generate_messages_py
[35m[1mScanning dependencies of target geometry_msgs_generate_messages_nodejs[0m
[35m[1mScanning dependencies of target actionlib_msgs_generate_messages_nodejs[0m
[  0%] Built target geometry_msgs_generate_messages_nodejs
[  0%] Built target actionlib_msgs_generate_messages_nodejs
[35m[1mScanning dependencies of target geometry_msgs_generate_messages_cpp[0m
[35m[1mScanning dependencies of target actionlib_msgs_generate_messages_cpp[0m
[  0%] Built target geometry_msgs_generate_messages_cpp
[  0%] Built target actionlib_msgs_generate_messages_cpp
[35m[1mScanning dependencies of target geometry_msgs_generate_messages_lisp[0m
[35m[1mScanning dependencies of target actionlib_msgs_generate_messages_lisp[0m
[  0%] Built target geometry_msgs_generate_messages_lisp
[  0%] Built target actionlib_msgs_generate_messages_lisp
[35m[1mScanning dependencies of target tf_generate_messages_nodejs[0m
[35m[1mScanning dependencies of target visualization_msgs_generate_messages_py[0m
[  0%] Built target visualization_msgs_generate_messages_py
[35m[1mScanning dependencies of target visualization_msgs_generate_messages_nodejs[0m
[  0%] Built target tf_generate_messages_nodejs
[  0%] Built target visualization_msgs_generate_messages_nodejs
[35m[1mScanning dependencies of target visualization_msgs_generate_messages_eus[0m
[35m[1mScanning dependencies of target tf2_msgs_generate_messages_nodejs[0m
[  0%] Built target visualization_msgs_generate_messages_eus
[  0%] Built target tf2_msgs_generate_messages_nodejs
[35m[1mScanning dependencies of target roscpp_generate_messages_eus[0m
[35m[1mScanning dependencies of target tf2_msgs_generate_messages_lisp[0m
[  0%] Built target roscpp_generate_messages_eus
[  0%] Built target tf2_msgs_generate_messages_lisp
[35m[1mScanning dependencies of target roscpp_generate_messages_cpp[0m
[  0%] Built target roscpp_generate_messages_cpp
[35m[1mScanning dependencies of target std_msgs_generate_messages_nodejs[0m
[  0%] Built target std_msgs_generate_messages_nodejs
[35m[1mScanning dependencies of target std_msgs_generate_messages_py[0m
[35m[1mScanning dependencies of target roscpp_generate_messages_nodejs[0m
[  0%] Built target roscpp_generate_messages_nodejs
[  0%] Built target std_msgs_generate_messages_py
[35m[1mScanning dependencies of target std_msgs_generate_messages_cpp[0m
[35m[1mScanning dependencies of target actionlib_generate_messages_cpp[0m
[  0%] Built target std_msgs_generate_messages_cpp
[  0%] Built target actionlib_generate_messages_cpp
[35m[1mScanning dependencies of target rosgraph_msgs_generate_messages_nodejs[0m
[  0%] Built target rosgraph_msgs_generate_messages_nodejs
[35m[1mScanning dependencies of target tf_generate_messages_eus[0m
[35m[1mScanning dependencies of target rosgraph_msgs_generate_messages_lisp[0m
[  0%] Built target tf_generate_messages_eus
[  0%] Built target rosgraph_msgs_generate_messages_lisp
[35m[1mScanning dependencies of target actionlib_generate_messages_py[0m
[  0%] Built target actionlib_generate_messages_py
[35m[1mScanning dependencies of target actionlib_generate_messages_lisp[0m
[  0%] Built target actionlib_generate_messages_lisp
[35m[1mScanning dependencies of target _catkin_empty_exported_target[0m
[  0%] Built target _catkin_empty_exported_target
[35m[1mScanning dependencies of target roscpp_generate_messages_lisp[0m
[  0%] Built target roscpp_generate_messages_lisp
[35m[1mScanning dependencies of target actionlib_generate_messages_nodejs[0m
[  0%] Built target actionlib_generate_messages_nodejs
[35m[1mScanning dependencies of target rosgraph_msgs_generate_messages_py[0m
[  0%] Built target rosgraph_msgs_generate_messages_py
[35m[1mScanning dependencies of target rosgraph_msgs_generate_messages_cpp[0m
[  0%] Built target rosgraph_msgs_generate_messages_cpp
[35m[1mScanning dependencies of target actionlib_generate_messages_eus[0m
[  0%] Built target actionlib_generate_messages_eus
[35m[1mScanning dependencies of target roscpp_generate_messages_py[0m
[  0%] Built target roscpp_generate_messages_py
[35m[1mScanning dependencies of target move_base_msgs_generate_messages_py[0m
[  0%] Built target move_base_msgs_generate_messages_py
[35m[1mScanning dependencies of target std_msgs_generate_messages_eus[0m
[  0%] Built target std_msgs_generate_messages_eus
[35m[1mScanning dependencies of target tf_generate_messages_py[0m
[  0%] Built target tf_generate_messages_py
[35m[1mScanning dependencies of target self_localization_gencfg[0m
[ 16%] [34m[1mGenerating dynamic reconfigure files from cfg/Localization.cfg: /home/vinh/catkin2_ws/devel/.private/self_localization/include/self_localization/LocalizationConfig.h /home/vinh/catkin2_ws/devel/.private/self_localization/lib/python3/dist-packages/self_localization/cfg/LocalizationConfig.py[0m
Generating reconfiguration files for Localization in self_localization
Wrote header file in /home/vinh/catkin2_ws/devel/.private/self_localization/include/self_localization/LocalizationConfig.h
[ 16%] Built target self_localization_gencfg
[35m[1mScanning dependencies of target rosgraph_msgs_generate_messages_eus[0m
[ 16%] Built target rosgraph_msgs_generate_messages_eus
[35m[1mScanning dependencies of target std_msgs_generate_messages_lisp[0m
[ 16%] Built target std_msgs_generate_messages_lisp
[35m[1mScanning dependencies of target dynamic_reconfigure_generate_messages_py[0m
[ 16%] Built target dynamic_reconfigure_generate_messages_py
[35m[1mScanning dependencies of target tf_generate_messages_cpp[0m
[ 16%] Built target tf_generate_messages_cpp
[35m[1mScanning dependencies of target tf2_msgs_generate_messages_eus[0m
[ 16%] Built target tf2_msgs_generate_messages_eus
[35m[1mScanning dependencies of target sensor_msgs_generate_messages_cpp[0m
[35m[1mScanning dependencies of target sensor_msgs_generate_messages_py[0m
[ 16%] Built target sensor_msgs_generate_messages_cpp
[35m[1mScanning dependencies of target tf2_msgs_generate_messages_py[0m
[ 16%] Built target sensor_msgs_generate_messages_py
[35m[1mScanning dependencies of target dynamic_reconfigure_generate_messages_nodejs[0m
[ 16%] Built target tf2_msgs_generate_messages_py
[ 16%] Built target dynamic_reconfigure_generate_messages_nodejs
[35m[1mScanning dependencies of target visualization_msgs_generate_messages_cpp[0m
[35m[1mScanning dependencies of target sensor_msgs_generate_messages_eus[0m
[ 16%] Built target visualization_msgs_generate_messages_cpp
[ 16%] Built target sensor_msgs_generate_messages_eus
[35m[1mScanning dependencies of target sensor_msgs_generate_messages_lisp[0m
[35m[1mScanning dependencies of target move_base_msgs_generate_messages_eus[0m
[ 16%] Built target sensor_msgs_generate_messages_lisp
[ 16%] Built target move_base_msgs_generate_messages_eus
[35m[1mScanning dependencies of target sensor_msgs_generate_messages_nodejs[0m
[35m[1mScanning dependencies of target dynamic_reconfigure_generate_messages_cpp[0m
[ 16%] Built target sensor_msgs_generate_messages_nodejs
[35m[1mScanning dependencies of target tf_generate_messages_lisp[0m
[ 16%] Built target tf_generate_messages_lisp
[ 16%] Built target dynamic_reconfigure_generate_messages_cpp
[35m[1mScanning dependencies of target dynamic_reconfigure_gencfg[0m
[ 16%] Built target dynamic_reconfigure_gencfg
[35m[1mScanning dependencies of target tf2_msgs_generate_messages_cpp[0m
[35m[1mScanning dependencies of target dynamic_reconfigure_generate_messages_lisp[0m
[ 16%] Built target tf2_msgs_generate_messages_cpp
[35m[1mScanning dependencies of target dynamic_reconfigure_generate_messages_eus[0m
[ 16%] Built target dynamic_reconfigure_generate_messages_lisp
[35m[1mScanning dependencies of target move_base_msgs_generate_messages_cpp[0m
[ 16%] Built target dynamic_reconfigure_generate_messages_eus
[ 16%] Built target move_base_msgs_generate_messages_cpp
[35m[1mScanning dependencies of target move_base_msgs_generate_messages_lisp[0m
[35m[1mScanning dependencies of target visualization_msgs_generate_messages_lisp[0m
[35m[1mScanning dependencies of target move_base_msgs_generate_messages_nodejs[0m
[ 16%] Built target visualization_msgs_generate_messages_lisp
[ 16%] Built target move_base_msgs_generate_messages_lisp
[ 16%] Built target move_base_msgs_generate_messages_nodejs
[35m[1mScanning dependencies of target self_localization_generate_messages_eus[0m
[35m[1mScanning dependencies of target self_localization_generate_messages_py[0m
[ 33%] [34m[1mGenerating EusLisp manifest code for self_localization[0m
[ 33%] Built target self_localization_generate_messages_py
[35m[1mScanning dependencies of target self_localization_generate_messages_nodejs[0m
[ 33%] Built target self_localization_generate_messages_nodejs
[35m[1mScanning dependencies of target self_localization_generate_messages_cpp[0m
[35m[1mScanning dependencies of target self_localization_generate_messages_lisp[0m
[ 33%] Built target self_localization_generate_messages_lisp
[ 33%] Built target self_localization_generate_messages_cpp
[ 33%] Built target self_localization_generate_messages_eus
[35m[1mScanning dependencies of target self_localization_generate_messages[0m
[35m[1mScanning dependencies of target self_localization[0m
[ 33%] Built target self_localization_generate_messages
[ 50%] [32mBuilding CXX object CMakeFiles/self_localization.dir/src/self_localization.cpp.o[0m
[ 66%] [32m[1mLinking CXX shared library /home/vinh/catkin2_ws/devel/.private/self_localization/lib/libself_localization.so[0m
[ 66%] Built target self_localization
[35m[1mScanning dependencies of target self_localization_node[0m
[ 83%] [32mBuilding CXX object CMakeFiles/self_localization_node.dir/src/self_localization_node.cpp.o[0m
[100%] [32m[1mLinking CXX executable /home/vinh/catkin2_ws/devel/.private/self_localization/lib/self_localization/self_localization_node[0m
[100%] Built target self_localization_node
