CMake Warning (dev) at CMakeLists.txt:2 (project):
  Policy CMP0048 is not set: project() command manages VERSION variables.
  Run "cmake --help-policy CMP0048" for policy details.  Use the cmake_policy
  command to set the policy and suppress this warning.

  The following variable(s) would be set to empty:

    CMAKE_PROJECT_VERSION
    CMAKE_PROJECT_VERSION_MAJOR
    CMAKE_PROJECT_VERSION_MINOR
    CMAKE_PROJECT_VERSION_PATCH
This warning is for project developers.  Use -Wno-dev to suppress it.

[31m[1mCMake Error[0m at /home/vinh/catkin2_ws/devel/share/actionlib/cmake/actionlibConfig.cmake:113 (message):
  Project 'actionlib' specifies
  '/home/vinh/catkin2_ws/src/MSCV2/actionlib/actionlib/include' as an include
  dir, which is not found.  It does neither exist as an absolute directory
  nor in
  '/home/vinh/catkin2_ws/src/MSCV2/actionlib/actionlib//home/vinh/catkin2_ws/src/MSCV2/actionlib/actionlib/include'.
  Check the issue tracker 'https://github.com/ros/actionlib/issues' and
  consider creating a ticket if the problem has not been reported yet.
[36mCall Stack (most recent call first):[0m
  /opt/ros/noetic/share/catkin/cmake/catkinConfig.cmake:76 (find_package)
  CMakeLists.txt:10 (find_package)


make: *** [Makefile:334: cmake_check_build_system] Error 1
