CMake Warning (dev) at CMakeLists.txt:2 (project):
  Policy CMP0048 is not set: project() command manages VERSION variables.
  Run "cmake --help-policy CMP0048" for policy details.  Use the cmake_policy
  command to set the policy and suppress this warning.

  The following variable(s) would be set to empty:

    CMAKE_PROJECT_VERSION
    CMAKE_PROJECT_VERSION_MAJOR
    CMAKE_PROJECT_VERSION_MINOR
    CMAKE_PROJECT_VERSION_PATCH
This warning is for project developers.  Use -Wno-dev to suppress it.

[36m--[0m Using CATKIN_DEVEL_PREFIX: /home/vinh/catkin2_ws/devel/.private/self_localization
[36m--[0m Using CMAKE_PREFIX_PATH: /home/vinh/catkin2_ws/devel;/opt/ros/noetic
[36m--[0m This workspace overlays: /home/vinh/catkin2_ws/devel;/opt/ros/noetic
[36m--[0m Found PythonInterp: /usr/bin/python3 (found suitable version "3.8.10", minimum required is "3")
[36m--[0m Using PYTHON_EXECUTABLE: /usr/bin/python3
[36m--[0m Using Debian Python package layout
[36m--[0m Using empy: /usr/lib/python3/dist-packages/em.py
[36m--[0m Using CATKIN_ENABLE_TESTING: ON
[36m--[0m Call enable_testing()
[36m--[0m Using CATKIN_TEST_RESULTS_DIR: /home/vinh/catkin2_ws/build/self_localization/test_results
[36m--[0m Forcing gtest/gmock from source, though one was otherwise available.
[36m--[0m Found gtest sources under '/usr/src/googletest': gtests will be built
[36m--[0m Found gmock sources under '/usr/src/googletest': gmock will be built
[36m--[0m Found PythonInterp: /usr/bin/python3 (found version "3.8.10")
[36m--[0m Using Python nosetests: /usr/bin/nosetests3
[36m--[0m catkin 0.8.10
[36m--[0m BUILD_SHARED_LIBS is on
[31m[1mCMake Error[0m at /home/vinh/catkin2_ws/devel/share/actionlib/cmake/actionlibConfig.cmake:113 (message):
  Project 'actionlib' specifies
  '/home/vinh/catkin2_ws/src/MSCV2/actionlib/actionlib/include' as an include
  dir, which is not found.  It does neither exist as an absolute directory
  nor in
  '/home/vinh/catkin2_ws/src/MSCV2/actionlib/actionlib//home/vinh/catkin2_ws/src/MSCV2/actionlib/actionlib/include'.
  Check the issue tracker 'https://github.com/ros/actionlib/issues' and
  consider creating a ticket if the problem has not been reported yet.
[36mCall Stack (most recent call first):[0m
  /opt/ros/noetic/share/catkin/cmake/catkinConfig.cmake:76 (find_package)
  CMakeLists.txt:10 (find_package)


[36m--[0m Configuring incomplete, errors occurred!
See also "/home/vinh/catkin2_ws/build/self_localization/CMakeFiles/CMakeOutput.log".
See also "/home/vinh/catkin2_ws/build/self_localization/CMakeFiles/CMakeError.log".
make: *** [Makefile:334: cmake_check_build_system] Error 1
