Symlinking /home/vinh/catkin2_ws/devel/include/hector_mapping/ResetMapping.h
Symlinking /home/vinh/catkin2_ws/devel/include/hector_mapping/HectorDebugInfo.h
Symlinking /home/vinh/catkin2_ws/devel/include/hector_mapping/HectorIterData.h
Symlinking /home/vinh/catkin2_ws/devel/include/hector_mapping/ResetMappingRequest.h
Symlinking /home/vinh/catkin2_ws/devel/include/hector_mapping/ResetMappingResponse.h
Symlinking /home/vinh/catkin2_ws/devel/share/gennodejs/ros/hector_mapping/_index.js
Symlinking /home/vinh/catkin2_ws/devel/share/gennodejs/ros/hector_mapping/srv/ResetMapping.js
Symlinking /home/vinh/catkin2_ws/devel/share/gennodejs/ros/hector_mapping/srv/_index.js
Symlinking /home/vinh/catkin2_ws/devel/share/gennodejs/ros/hector_mapping/msg/HectorIterData.js
Symlinking /home/vinh/catkin2_ws/devel/share/gennodejs/ros/hector_mapping/msg/HectorDebugInfo.js
Symlinking /home/vinh/catkin2_ws/devel/share/gennodejs/ros/hector_mapping/msg/_index.js
Symlinking /home/vinh/catkin2_ws/devel/share/common-lisp/ros/hector_mapping/srv/_package_ResetMapping.lisp
Symlinking /home/vinh/catkin2_ws/devel/share/common-lisp/ros/hector_mapping/srv/ResetMapping.lisp
Symlinking /home/vinh/catkin2_ws/devel/share/common-lisp/ros/hector_mapping/srv/_package.lisp
Symlinking /home/vinh/catkin2_ws/devel/share/common-lisp/ros/hector_mapping/srv/hector_mapping-srv.asd
Symlinking /home/vinh/catkin2_ws/devel/share/common-lisp/ros/hector_mapping/msg/_package_HectorDebugInfo.lisp
Symlinking /home/vinh/catkin2_ws/devel/share/common-lisp/ros/hector_mapping/msg/_package.lisp
Symlinking /home/vinh/catkin2_ws/devel/share/common-lisp/ros/hector_mapping/msg/HectorIterData.lisp
Symlinking /home/vinh/catkin2_ws/devel/share/common-lisp/ros/hector_mapping/msg/hector_mapping-msg.asd
Symlinking /home/vinh/catkin2_ws/devel/share/common-lisp/ros/hector_mapping/msg/HectorDebugInfo.lisp
Symlinking /home/vinh/catkin2_ws/devel/share/common-lisp/ros/hector_mapping/msg/_package_HectorIterData.lisp
Symlinking /home/vinh/catkin2_ws/devel/share/hector_mapping/cmake/hector_mappingConfig.cmake
Symlinking /home/vinh/catkin2_ws/devel/share/hector_mapping/cmake/hector_mapping-msg-paths.cmake
Symlinking /home/vinh/catkin2_ws/devel/share/hector_mapping/cmake/hector_mapping-msg-extras.cmake
Symlinking /home/vinh/catkin2_ws/devel/share/hector_mapping/cmake/hector_mappingConfig-version.cmake
Symlinking /home/vinh/catkin2_ws/devel/share/roseus/ros/hector_mapping/manifest.l
Symlinking /home/vinh/catkin2_ws/devel/share/roseus/ros/hector_mapping/srv/ResetMapping.l
Symlinking /home/vinh/catkin2_ws/devel/share/roseus/ros/hector_mapping/msg/HectorDebugInfo.l
Symlinking /home/vinh/catkin2_ws/devel/share/roseus/ros/hector_mapping/msg/HectorIterData.l
Symlinking /home/vinh/catkin2_ws/devel/lib/pkgconfig/hector_mapping.pc
Symlinking /home/vinh/catkin2_ws/devel/lib/hector_mapping/hector_mapping
Symlinking /home/vinh/catkin2_ws/devel/lib/python3/dist-packages/hector_mapping/__init__.py
Symlinking /home/vinh/catkin2_ws/devel/lib/python3/dist-packages/hector_mapping/srv/__init__.py
Symlinking /home/vinh/catkin2_ws/devel/lib/python3/dist-packages/hector_mapping/srv/_ResetMapping.py
Symlinking /home/vinh/catkin2_ws/devel/lib/python3/dist-packages/hector_mapping/msg/_HectorIterData.py
Symlinking /home/vinh/catkin2_ws/devel/lib/python3/dist-packages/hector_mapping/msg/_HectorDebugInfo.py
Symlinking /home/vinh/catkin2_ws/devel/lib/python3/dist-packages/hector_mapping/msg/__init__.py
