Linked: (/home/vinh/catkin2_ws/devel/.private/create_msgs/include/create_msgs/ChargingState.h, /home/vinh/catkin2_ws/devel/include/create_msgs/ChargingState.h)
Linked: (/home/vinh/catkin2_ws/devel/.private/create_msgs/include/create_msgs/MotorSetpoint.h, /home/vinh/catkin2_ws/devel/include/create_msgs/MotorSetpoint.h)
Linked: (/home/vinh/catkin2_ws/devel/.private/create_msgs/include/create_msgs/PlaySong.h, /home/vinh/catkin2_ws/devel/include/create_msgs/PlaySong.h)
Linked: (/home/vinh/catkin2_ws/devel/.private/create_msgs/include/create_msgs/DefineSong.h, /home/vinh/catkin2_ws/devel/include/create_msgs/DefineSong.h)
Linked: (/home/vinh/catkin2_ws/devel/.private/create_msgs/include/create_msgs/Bumper.h, /home/vinh/catkin2_ws/devel/include/create_msgs/Bumper.h)
Linked: (/home/vinh/catkin2_ws/devel/.private/create_msgs/include/create_msgs/Mode.h, /home/vinh/catkin2_ws/devel/include/create_msgs/Mode.h)
Linked: (/home/vinh/catkin2_ws/devel/.private/create_msgs/share/create_msgs/cmake/create_msgsConfig.cmake, /home/vinh/catkin2_ws/devel/share/create_msgs/cmake/create_msgsConfig.cmake)
Linked: (/home/vinh/catkin2_ws/devel/.private/create_msgs/share/create_msgs/cmake/create_msgsConfig-version.cmake, /home/vinh/catkin2_ws/devel/share/create_msgs/cmake/create_msgsConfig-version.cmake)
Linked: (/home/vinh/catkin2_ws/devel/.private/create_msgs/share/create_msgs/cmake/create_msgs-msg-extras.cmake, /home/vinh/catkin2_ws/devel/share/create_msgs/cmake/create_msgs-msg-extras.cmake)
Linked: (/home/vinh/catkin2_ws/devel/.private/create_msgs/share/create_msgs/cmake/create_msgs-msg-paths.cmake, /home/vinh/catkin2_ws/devel/share/create_msgs/cmake/create_msgs-msg-paths.cmake)
Linked: (/home/vinh/catkin2_ws/devel/.private/create_msgs/share/gennodejs/ros/create_msgs/_index.js, /home/vinh/catkin2_ws/devel/share/gennodejs/ros/create_msgs/_index.js)
Linked: (/home/vinh/catkin2_ws/devel/.private/create_msgs/share/gennodejs/ros/create_msgs/msg/MotorSetpoint.js, /home/vinh/catkin2_ws/devel/share/gennodejs/ros/create_msgs/msg/MotorSetpoint.js)
Linked: (/home/vinh/catkin2_ws/devel/.private/create_msgs/share/gennodejs/ros/create_msgs/msg/Mode.js, /home/vinh/catkin2_ws/devel/share/gennodejs/ros/create_msgs/msg/Mode.js)
Linked: (/home/vinh/catkin2_ws/devel/.private/create_msgs/share/gennodejs/ros/create_msgs/msg/PlaySong.js, /home/vinh/catkin2_ws/devel/share/gennodejs/ros/create_msgs/msg/PlaySong.js)
Linked: (/home/vinh/catkin2_ws/devel/.private/create_msgs/share/gennodejs/ros/create_msgs/msg/Bumper.js, /home/vinh/catkin2_ws/devel/share/gennodejs/ros/create_msgs/msg/Bumper.js)
Linked: (/home/vinh/catkin2_ws/devel/.private/create_msgs/share/gennodejs/ros/create_msgs/msg/DefineSong.js, /home/vinh/catkin2_ws/devel/share/gennodejs/ros/create_msgs/msg/DefineSong.js)
Linked: (/home/vinh/catkin2_ws/devel/.private/create_msgs/share/gennodejs/ros/create_msgs/msg/ChargingState.js, /home/vinh/catkin2_ws/devel/share/gennodejs/ros/create_msgs/msg/ChargingState.js)
Linked: (/home/vinh/catkin2_ws/devel/.private/create_msgs/share/gennodejs/ros/create_msgs/msg/_index.js, /home/vinh/catkin2_ws/devel/share/gennodejs/ros/create_msgs/msg/_index.js)
Linked: (/home/vinh/catkin2_ws/devel/.private/create_msgs/share/common-lisp/ros/create_msgs/msg/Bumper.lisp, /home/vinh/catkin2_ws/devel/share/common-lisp/ros/create_msgs/msg/Bumper.lisp)
Linked: (/home/vinh/catkin2_ws/devel/.private/create_msgs/share/common-lisp/ros/create_msgs/msg/Mode.lisp, /home/vinh/catkin2_ws/devel/share/common-lisp/ros/create_msgs/msg/Mode.lisp)
Linked: (/home/vinh/catkin2_ws/devel/.private/create_msgs/share/common-lisp/ros/create_msgs/msg/_package.lisp, /home/vinh/catkin2_ws/devel/share/common-lisp/ros/create_msgs/msg/_package.lisp)
Linked: (/home/vinh/catkin2_ws/devel/.private/create_msgs/share/common-lisp/ros/create_msgs/msg/create_msgs-msg.asd, /home/vinh/catkin2_ws/devel/share/common-lisp/ros/create_msgs/msg/create_msgs-msg.asd)
Linked: (/home/vinh/catkin2_ws/devel/.private/create_msgs/share/common-lisp/ros/create_msgs/msg/_package_ChargingState.lisp, /home/vinh/catkin2_ws/devel/share/common-lisp/ros/create_msgs/msg/_package_ChargingState.lisp)
Linked: (/home/vinh/catkin2_ws/devel/.private/create_msgs/share/common-lisp/ros/create_msgs/msg/MotorSetpoint.lisp, /home/vinh/catkin2_ws/devel/share/common-lisp/ros/create_msgs/msg/MotorSetpoint.lisp)
Linked: (/home/vinh/catkin2_ws/devel/.private/create_msgs/share/common-lisp/ros/create_msgs/msg/_package_DefineSong.lisp, /home/vinh/catkin2_ws/devel/share/common-lisp/ros/create_msgs/msg/_package_DefineSong.lisp)
Linked: (/home/vinh/catkin2_ws/devel/.private/create_msgs/share/common-lisp/ros/create_msgs/msg/ChargingState.lisp, /home/vinh/catkin2_ws/devel/share/common-lisp/ros/create_msgs/msg/ChargingState.lisp)
Linked: (/home/vinh/catkin2_ws/devel/.private/create_msgs/share/common-lisp/ros/create_msgs/msg/_package_PlaySong.lisp, /home/vinh/catkin2_ws/devel/share/common-lisp/ros/create_msgs/msg/_package_PlaySong.lisp)
Linked: (/home/vinh/catkin2_ws/devel/.private/create_msgs/share/common-lisp/ros/create_msgs/msg/PlaySong.lisp, /home/vinh/catkin2_ws/devel/share/common-lisp/ros/create_msgs/msg/PlaySong.lisp)
Linked: (/home/vinh/catkin2_ws/devel/.private/create_msgs/share/common-lisp/ros/create_msgs/msg/_package_MotorSetpoint.lisp, /home/vinh/catkin2_ws/devel/share/common-lisp/ros/create_msgs/msg/_package_MotorSetpoint.lisp)
Linked: (/home/vinh/catkin2_ws/devel/.private/create_msgs/share/common-lisp/ros/create_msgs/msg/DefineSong.lisp, /home/vinh/catkin2_ws/devel/share/common-lisp/ros/create_msgs/msg/DefineSong.lisp)
Linked: (/home/vinh/catkin2_ws/devel/.private/create_msgs/share/common-lisp/ros/create_msgs/msg/_package_Bumper.lisp, /home/vinh/catkin2_ws/devel/share/common-lisp/ros/create_msgs/msg/_package_Bumper.lisp)
Linked: (/home/vinh/catkin2_ws/devel/.private/create_msgs/share/common-lisp/ros/create_msgs/msg/_package_Mode.lisp, /home/vinh/catkin2_ws/devel/share/common-lisp/ros/create_msgs/msg/_package_Mode.lisp)
Linked: (/home/vinh/catkin2_ws/devel/.private/create_msgs/share/roseus/ros/create_msgs/manifest.l, /home/vinh/catkin2_ws/devel/share/roseus/ros/create_msgs/manifest.l)
Linked: (/home/vinh/catkin2_ws/devel/.private/create_msgs/share/roseus/ros/create_msgs/msg/MotorSetpoint.l, /home/vinh/catkin2_ws/devel/share/roseus/ros/create_msgs/msg/MotorSetpoint.l)
Linked: (/home/vinh/catkin2_ws/devel/.private/create_msgs/share/roseus/ros/create_msgs/msg/PlaySong.l, /home/vinh/catkin2_ws/devel/share/roseus/ros/create_msgs/msg/PlaySong.l)
Linked: (/home/vinh/catkin2_ws/devel/.private/create_msgs/share/roseus/ros/create_msgs/msg/ChargingState.l, /home/vinh/catkin2_ws/devel/share/roseus/ros/create_msgs/msg/ChargingState.l)
Linked: (/home/vinh/catkin2_ws/devel/.private/create_msgs/share/roseus/ros/create_msgs/msg/Bumper.l, /home/vinh/catkin2_ws/devel/share/roseus/ros/create_msgs/msg/Bumper.l)
Linked: (/home/vinh/catkin2_ws/devel/.private/create_msgs/share/roseus/ros/create_msgs/msg/DefineSong.l, /home/vinh/catkin2_ws/devel/share/roseus/ros/create_msgs/msg/DefineSong.l)
Linked: (/home/vinh/catkin2_ws/devel/.private/create_msgs/share/roseus/ros/create_msgs/msg/Mode.l, /home/vinh/catkin2_ws/devel/share/roseus/ros/create_msgs/msg/Mode.l)
Linked: (/home/vinh/catkin2_ws/devel/.private/create_msgs/lib/pkgconfig/create_msgs.pc, /home/vinh/catkin2_ws/devel/lib/pkgconfig/create_msgs.pc)
Linked: (/home/vinh/catkin2_ws/devel/.private/create_msgs/lib/python3/dist-packages/create_msgs/__init__.py, /home/vinh/catkin2_ws/devel/lib/python3/dist-packages/create_msgs/__init__.py)
Linked: (/home/vinh/catkin2_ws/devel/.private/create_msgs/lib/python3/dist-packages/create_msgs/msg/_MotorSetpoint.py, /home/vinh/catkin2_ws/devel/lib/python3/dist-packages/create_msgs/msg/_MotorSetpoint.py)
Linked: (/home/vinh/catkin2_ws/devel/.private/create_msgs/lib/python3/dist-packages/create_msgs/msg/_DefineSong.py, /home/vinh/catkin2_ws/devel/lib/python3/dist-packages/create_msgs/msg/_DefineSong.py)
Linked: (/home/vinh/catkin2_ws/devel/.private/create_msgs/lib/python3/dist-packages/create_msgs/msg/_ChargingState.py, /home/vinh/catkin2_ws/devel/lib/python3/dist-packages/create_msgs/msg/_ChargingState.py)
Linked: (/home/vinh/catkin2_ws/devel/.private/create_msgs/lib/python3/dist-packages/create_msgs/msg/_Bumper.py, /home/vinh/catkin2_ws/devel/lib/python3/dist-packages/create_msgs/msg/_Bumper.py)
Linked: (/home/vinh/catkin2_ws/devel/.private/create_msgs/lib/python3/dist-packages/create_msgs/msg/_PlaySong.py, /home/vinh/catkin2_ws/devel/lib/python3/dist-packages/create_msgs/msg/_PlaySong.py)
Linked: (/home/vinh/catkin2_ws/devel/.private/create_msgs/lib/python3/dist-packages/create_msgs/msg/__init__.py, /home/vinh/catkin2_ws/devel/lib/python3/dist-packages/create_msgs/msg/__init__.py)
Linked: (/home/vinh/catkin2_ws/devel/.private/create_msgs/lib/python3/dist-packages/create_msgs/msg/_Mode.py, /home/vinh/catkin2_ws/devel/lib/python3/dist-packages/create_msgs/msg/_Mode.py)
