[35m[1mScanning dependencies of target astra_camera_gencfg[0m
[  0%] [34m[1mGenerating dynamic reconfigure files from cfg/Astra.cfg: /home/vinh/catkin2_ws/devel/.private/astra_camera/include/astra_camera/AstraConfig.h /home/vinh/catkin2_ws/devel/.private/astra_camera/lib/python3/dist-packages/astra_camera/cfg/AstraConfig.py[0m
Generating reconfiguration files for Astra in astra_camera
Wrote header file in /home/vinh/catkin2_ws/devel/.private/astra_camera/include/astra_camera/AstraConfig.h
[  1%] [34m[1mGenerating dynamic reconfigure files from cfg/UVCCamera.cfg: /home/vinh/catkin2_ws/devel/.private/astra_camera/include/astra_camera/UVCCameraConfig.h /home/vinh/catkin2_ws/devel/.private/astra_camera/lib/python3/dist-packages/astra_camera/cfg/UVCCameraConfig.py[0m
Generating reconfiguration files for UVCCamera in libuvc_camera
Wrote header file in /home/vinh/catkin2_ws/devel/.private/astra_camera/include/astra_camera/UVCCameraConfig.h
[  1%] Built target astra_camera_gencfg
[35m[1mScanning dependencies of target _astra_camera_generate_messages_check_deps_SetUVCGain[0m
[  1%] Built target _astra_camera_generate_messages_check_deps_SetUVCGain
[35m[1mScanning dependencies of target _astra_camera_generate_messages_check_deps_GetCameraParams[0m
[  1%] Built target _astra_camera_generate_messages_check_deps_GetCameraParams
[35m[1mScanning dependencies of target _astra_camera_generate_messages_check_deps_SetMirror[0m
[  1%] Built target _astra_camera_generate_messages_check_deps_SetMirror
[35m[1mScanning dependencies of target _astra_camera_generate_messages_check_deps_SetAutoExposure[0m
[  1%] Built target _astra_camera_generate_messages_check_deps_SetAutoExposure
[35m[1mScanning dependencies of target _astra_camera_generate_messages_check_deps_GetVersion[0m
[  1%] Built target _astra_camera_generate_messages_check_deps_GetVersion
[35m[1mScanning dependencies of target _astra_camera_generate_messages_check_deps_SwitchIRCamera[0m
[  1%] Built target _astra_camera_generate_messages_check_deps_SwitchIRCamera
[35m[1mScanning dependencies of target _astra_camera_generate_messages_check_deps_ResetIRExposure[0m
[  1%] Built target _astra_camera_generate_messages_check_deps_ResetIRExposure
[35m[1mScanning dependencies of target _astra_camera_generate_messages_check_deps_ResetIRGain[0m
[  1%] Built target _astra_camera_generate_messages_check_deps_ResetIRGain
[35m[1mScanning dependencies of target _astra_camera_generate_messages_check_deps_SetUVCExposure[0m
[  1%] Built target _astra_camera_generate_messages_check_deps_SetUVCExposure
[35m[1mScanning dependencies of target _astra_camera_generate_messages_check_deps_SetFan[0m
[  1%] Built target _astra_camera_generate_messages_check_deps_SetFan
[35m[1mScanning dependencies of target _astra_camera_generate_messages_check_deps_SetLDP[0m
[  1%] Built target _astra_camera_generate_messages_check_deps_SetLDP
[35m[1mScanning dependencies of target _astra_camera_generate_messages_check_deps_SetLaser[0m
[  1%] Built target _astra_camera_generate_messages_check_deps_SetLaser
[35m[1mScanning dependencies of target _astra_camera_generate_messages_check_deps_SetIRFlood[0m
[  1%] Built target _astra_camera_generate_messages_check_deps_SetIRFlood
[35m[1mScanning dependencies of target std_msgs_generate_messages_cpp[0m
[  1%] Built target std_msgs_generate_messages_cpp
[35m[1mScanning dependencies of target _astra_camera_generate_messages_check_deps_GetUVCMirror[0m
[  1%] Built target _astra_camera_generate_messages_check_deps_GetUVCMirror
[35m[1mScanning dependencies of target _astra_camera_generate_messages_check_deps_SetIRGain[0m
[  1%] Built target _astra_camera_generate_messages_check_deps_SetIRGain
[35m[1mScanning dependencies of target _astra_camera_generate_messages_check_deps_GetSerial[0m
[  1%] Built target _astra_camera_generate_messages_check_deps_GetSerial
[35m[1mScanning dependencies of target _astra_camera_generate_messages_check_deps_SetAutoWhiteBalance[0m
[  1%] Built target _astra_camera_generate_messages_check_deps_SetAutoWhiteBalance
[35m[1mScanning dependencies of target _astra_camera_generate_messages_check_deps_SetDistortioncal[0m
[  1%] Built target _astra_camera_generate_messages_check_deps_SetDistortioncal
[35m[1mScanning dependencies of target _astra_camera_generate_messages_check_deps_SetIRExposure[0m
[35m[1mScanning dependencies of target _astra_camera_generate_messages_check_deps_SetAeEnable[0m
[  1%] Built target _astra_camera_generate_messages_check_deps_SetIRExposure
[35m[1mScanning dependencies of target _astra_camera_generate_messages_check_deps_GetUVCWhiteBalance[0m
[  1%] Built target _astra_camera_generate_messages_check_deps_SetAeEnable
[35m[1mScanning dependencies of target sensor_msgs_generate_messages_cpp[0m
[  1%] Built target sensor_msgs_generate_messages_cpp
[35m[1mScanning dependencies of target _astra_camera_generate_messages_check_deps_SetUVCMirror[0m
[  1%] Built target _astra_camera_generate_messages_check_deps_GetUVCWhiteBalance
[35m[1mScanning dependencies of target _astra_camera_generate_messages_check_deps_GetCameraInfo[0m
[  1%] Built target _astra_camera_generate_messages_check_deps_SetUVCMirror
[  1%] Built target _astra_camera_generate_messages_check_deps_GetCameraInfo
[35m[1mScanning dependencies of target _astra_camera_generate_messages_check_deps_SetUVCWhiteBalance[0m
[35m[1mScanning dependencies of target _astra_camera_generate_messages_check_deps_GetDeviceType[0m
[  1%] Built target _astra_camera_generate_messages_check_deps_GetDeviceType
[  1%] Built target _astra_camera_generate_messages_check_deps_SetUVCWhiteBalance
[35m[1mScanning dependencies of target _astra_camera_generate_messages_check_deps_GetIRGain[0m
[35m[1mScanning dependencies of target _astra_camera_generate_messages_check_deps_GetUVCExposure[0m
[  1%] Built target _astra_camera_generate_messages_check_deps_GetIRGain
[35m[1mScanning dependencies of target _astra_camera_generate_messages_check_deps_GetIRExposure[0m
[  1%] Built target _astra_camera_generate_messages_check_deps_GetUVCExposure
[35m[1mScanning dependencies of target _astra_camera_generate_messages_check_deps_GetUVCGain[0m
[  1%] Built target _astra_camera_generate_messages_check_deps_GetIRExposure
[35m[1mScanning dependencies of target std_msgs_generate_messages_nodejs[0m
[  1%] Built target std_msgs_generate_messages_nodejs
[  1%] Built target _astra_camera_generate_messages_check_deps_GetUVCGain
[35m[1mScanning dependencies of target sensor_msgs_generate_messages_nodejs[0m
[35m[1mScanning dependencies of target sensor_msgs_generate_messages_lisp[0m
[  1%] Built target sensor_msgs_generate_messages_nodejs
[  1%] Built target sensor_msgs_generate_messages_lisp
[35m[1mScanning dependencies of target std_msgs_generate_messages_lisp[0m
[35m[1mScanning dependencies of target std_msgs_generate_messages_eus[0m
[  1%] Built target std_msgs_generate_messages_lisp
[  1%] Built target std_msgs_generate_messages_eus
[35m[1mScanning dependencies of target sensor_msgs_generate_messages_eus[0m
[35m[1mScanning dependencies of target sensor_msgs_generate_messages_py[0m
[  1%] Built target sensor_msgs_generate_messages_eus
[  1%] Built target sensor_msgs_generate_messages_py
[35m[1mScanning dependencies of target std_msgs_generate_messages_py[0m
[35m[1mScanning dependencies of target astra_usb_reset[0m
[  1%] Built target std_msgs_generate_messages_py
[  2%] [32mBuilding C object CMakeFiles/astra_usb_reset.dir/src/usb_reset.c.o[0m
[35m[1mScanning dependencies of target astra_camera_generate_messages_cpp[0m
[  2%] [34m[1mGenerating C++ code from astra_camera/GetSerial.srv[0m
[  2%] [32m[1mLinking C executable /home/vinh/catkin2_ws/devel/.private/astra_camera/lib/astra_camera/astra_usb_reset[0m
[  2%] Built target astra_usb_reset
[35m[1mScanning dependencies of target astra_camera_generate_messages_nodejs[0m
[  3%] [34m[1mGenerating Javascript code from astra_camera/GetSerial.srv[0m
[  3%] [34m[1mGenerating Javascript code from astra_camera/GetDeviceType.srv[0m
[  4%] [34m[1mGenerating Javascript code from astra_camera/GetIRGain.srv[0m
[  5%] [34m[1mGenerating C++ code from astra_camera/GetDeviceType.srv[0m
[  5%] [34m[1mGenerating Javascript code from astra_camera/GetCameraInfo.srv[0m
[  6%] [34m[1mGenerating Javascript code from astra_camera/GetUVCExposure.srv[0m
[  6%] [34m[1mGenerating Javascript code from astra_camera/GetIRExposure.srv[0m
[  7%] [34m[1mGenerating Javascript code from astra_camera/GetUVCGain.srv[0m
[  7%] [34m[1mGenerating C++ code from astra_camera/GetIRGain.srv[0m
[  7%] [34m[1mGenerating Javascript code from astra_camera/GetUVCWhiteBalance.srv[0m
[  8%] [34m[1mGenerating Javascript code from astra_camera/SetUVCWhiteBalance.srv[0m
[  8%] [34m[1mGenerating Javascript code from astra_camera/SetUVCGain.srv[0m
[  9%] [34m[1mGenerating Javascript code from astra_camera/SetIRExposure.srv[0m
[ 10%] [34m[1mGenerating C++ code from astra_camera/GetCameraInfo.srv[0m
[ 10%] [34m[1mGenerating Javascript code from astra_camera/SetIRGain.srv[0m
[ 11%] [34m[1mGenerating Javascript code from astra_camera/SetIRFlood.srv[0m
[ 12%] [34m[1mGenerating Javascript code from astra_camera/SetLaser.srv[0m
[ 12%] [34m[1mGenerating C++ code from astra_camera/GetUVCExposure.srv[0m
[ 12%] [34m[1mGenerating Javascript code from astra_camera/SetLDP.srv[0m
[ 13%] [34m[1mGenerating Javascript code from astra_camera/SetFan.srv[0m
[ 13%] [34m[1mGenerating Javascript code from astra_camera/SetUVCExposure.srv[0m
[ 14%] [34m[1mGenerating Javascript code from astra_camera/ResetIRGain.srv[0m
[ 15%] [34m[1mGenerating C++ code from astra_camera/GetIRExposure.srv[0m
[ 15%] [34m[1mGenerating Javascript code from astra_camera/ResetIRExposure.srv[0m
[ 16%] [34m[1mGenerating Javascript code from astra_camera/SwitchIRCamera.srv[0m
[ 16%] [34m[1mGenerating Javascript code from astra_camera/SetDistortioncal.srv[0m
[ 17%] [34m[1mGenerating Javascript code from astra_camera/SetAeEnable.srv[0m
[ 17%] [34m[1mGenerating Javascript code from astra_camera/GetVersion.srv[0m
[ 17%] [34m[1mGenerating C++ code from astra_camera/GetUVCGain.srv[0m
[ 18%] [34m[1mGenerating Javascript code from astra_camera/SetAutoExposure.srv[0m
[ 18%] [34m[1mGenerating Javascript code from astra_camera/SetAutoWhiteBalance.srv[0m
[ 19%] [34m[1mGenerating Javascript code from astra_camera/SetMirror.srv[0m
[ 19%] [34m[1mGenerating Javascript code from astra_camera/SetUVCMirror.srv[0m
[ 20%] [34m[1mGenerating C++ code from astra_camera/GetUVCWhiteBalance.srv[0m
[ 21%] [34m[1mGenerating Javascript code from astra_camera/GetUVCMirror.srv[0m
[ 21%] [34m[1mGenerating Javascript code from astra_camera/GetCameraParams.srv[0m
[ 21%] Built target astra_camera_generate_messages_nodejs
[ 21%] [34m[1mGenerating C++ code from astra_camera/SetUVCWhiteBalance.srv[0m
[ 22%] [34m[1mGenerating C++ code from astra_camera/SetUVCGain.srv[0m
[ 22%] [34m[1mGenerating C++ code from astra_camera/SetIRExposure.srv[0m
[ 23%] [34m[1mGenerating C++ code from astra_camera/SetIRGain.srv[0m
[ 23%] [34m[1mGenerating C++ code from astra_camera/SetIRFlood.srv[0m
[ 25%] [34m[1mGenerating C++ code from astra_camera/SetLaser.srv[0m
[ 25%] [34m[1mGenerating C++ code from astra_camera/SetLDP.srv[0m
[ 26%] [34m[1mGenerating C++ code from astra_camera/SetFan.srv[0m
[ 27%] [34m[1mGenerating C++ code from astra_camera/SetUVCExposure.srv[0m
[ 27%] [34m[1mGenerating C++ code from astra_camera/ResetIRGain.srv[0m
[ 28%] [34m[1mGenerating C++ code from astra_camera/ResetIRExposure.srv[0m
[ 28%] [34m[1mGenerating C++ code from astra_camera/SwitchIRCamera.srv[0m
[ 29%] [34m[1mGenerating C++ code from astra_camera/SetDistortioncal.srv[0m
[ 29%] [34m[1mGenerating C++ code from astra_camera/SetAeEnable.srv[0m
[ 30%] [34m[1mGenerating C++ code from astra_camera/GetVersion.srv[0m
[ 30%] [34m[1mGenerating C++ code from astra_camera/SetAutoExposure.srv[0m
[ 31%] [34m[1mGenerating C++ code from astra_camera/SetAutoWhiteBalance.srv[0m
[ 31%] [34m[1mGenerating C++ code from astra_camera/SetMirror.srv[0m
[ 32%] [34m[1mGenerating C++ code from astra_camera/SetUVCMirror.srv[0m
[ 32%] [34m[1mGenerating C++ code from astra_camera/GetUVCMirror.srv[0m
[ 33%] [34m[1mGenerating C++ code from astra_camera/GetCameraParams.srv[0m
[35m[1mScanning dependencies of target astra_camera_generate_messages_lisp[0m
[ 33%] [34m[1mGenerating Lisp code from astra_camera/GetSerial.srv[0m
[ 33%] Built target astra_camera_generate_messages_cpp
[35m[1mScanning dependencies of target astra_camera_generate_messages_eus[0m
[ 33%] [34m[1mGenerating EusLisp code from astra_camera/GetSerial.srv[0m
[ 34%] [34m[1mGenerating Lisp code from astra_camera/GetDeviceType.srv[0m
[ 34%] [34m[1mGenerating Lisp code from astra_camera/GetIRGain.srv[0m
[ 35%] [34m[1mGenerating EusLisp code from astra_camera/GetDeviceType.srv[0m
[ 36%] [34m[1mGenerating Lisp code from astra_camera/GetCameraInfo.srv[0m
[ 36%] [34m[1mGenerating Lisp code from astra_camera/GetUVCExposure.srv[0m
[ 36%] [34m[1mGenerating EusLisp code from astra_camera/GetIRGain.srv[0m
[ 37%] [34m[1mGenerating Lisp code from astra_camera/GetIRExposure.srv[0m
[ 37%] [34m[1mGenerating Lisp code from astra_camera/GetUVCGain.srv[0m
[ 38%] [34m[1mGenerating EusLisp code from astra_camera/GetCameraInfo.srv[0m
[ 39%] [34m[1mGenerating Lisp code from astra_camera/GetUVCWhiteBalance.srv[0m
[ 40%] [34m[1mGenerating Lisp code from astra_camera/SetUVCWhiteBalance.srv[0m
[ 41%] [34m[1mGenerating EusLisp code from astra_camera/GetUVCExposure.srv[0m
[ 41%] [34m[1mGenerating Lisp code from astra_camera/SetUVCGain.srv[0m
[ 42%] [34m[1mGenerating Lisp code from astra_camera/SetIRExposure.srv[0m
[ 42%] [34m[1mGenerating EusLisp code from astra_camera/GetIRExposure.srv[0m
[ 42%] [34m[1mGenerating Lisp code from astra_camera/SetIRGain.srv[0m
[ 43%] [34m[1mGenerating EusLisp code from astra_camera/GetUVCGain.srv[0m
[ 44%] [34m[1mGenerating Lisp code from astra_camera/SetIRFlood.srv[0m
[ 44%] [34m[1mGenerating Lisp code from astra_camera/SetLaser.srv[0m
[ 44%] [34m[1mGenerating EusLisp code from astra_camera/GetUVCWhiteBalance.srv[0m
[ 45%] [34m[1mGenerating Lisp code from astra_camera/SetLDP.srv[0m
[ 45%] [34m[1mGenerating Lisp code from astra_camera/SetFan.srv[0m
[ 46%] [34m[1mGenerating EusLisp code from astra_camera/SetUVCWhiteBalance.srv[0m
[ 47%] [34m[1mGenerating Lisp code from astra_camera/SetUVCExposure.srv[0m
[ 47%] [34m[1mGenerating EusLisp code from astra_camera/SetUVCGain.srv[0m
[ 47%] [34m[1mGenerating Lisp code from astra_camera/ResetIRGain.srv[0m
[ 48%] [34m[1mGenerating Lisp code from astra_camera/ResetIRExposure.srv[0m
[ 48%] [34m[1mGenerating Lisp code from astra_camera/SwitchIRCamera.srv[0m
[ 50%] [34m[1mGenerating EusLisp code from astra_camera/SetIRExposure.srv[0m
[ 51%] [34m[1mGenerating Lisp code from astra_camera/SetDistortioncal.srv[0m
[ 51%] [34m[1mGenerating EusLisp code from astra_camera/SetIRGain.srv[0m
[ 51%] [34m[1mGenerating Lisp code from astra_camera/SetAeEnable.srv[0m
[ 52%] [34m[1mGenerating Lisp code from astra_camera/GetVersion.srv[0m
[ 53%] [34m[1mGenerating EusLisp code from astra_camera/SetIRFlood.srv[0m
[ 53%] [34m[1mGenerating Lisp code from astra_camera/SetAutoExposure.srv[0m
[ 54%] [34m[1mGenerating Lisp code from astra_camera/SetAutoWhiteBalance.srv[0m
[ 54%] [34m[1mGenerating EusLisp code from astra_camera/SetLaser.srv[0m
[ 55%] [34m[1mGenerating Lisp code from astra_camera/SetMirror.srv[0m
[ 55%] [34m[1mGenerating Lisp code from astra_camera/SetUVCMirror.srv[0m
[ 56%] [34m[1mGenerating EusLisp code from astra_camera/SetLDP.srv[0m
[ 57%] [34m[1mGenerating Lisp code from astra_camera/GetUVCMirror.srv[0m
[ 57%] [34m[1mGenerating Lisp code from astra_camera/GetCameraParams.srv[0m
[ 57%] [34m[1mGenerating EusLisp code from astra_camera/SetFan.srv[0m
[ 57%] Built target astra_camera_generate_messages_lisp
[35m[1mScanning dependencies of target astra_camera_generate_messages_py[0m
[ 58%] [34m[1mGenerating Python code from SRV astra_camera/GetSerial[0m
[ 59%] [34m[1mGenerating EusLisp code from astra_camera/SetUVCExposure.srv[0m
[ 59%] [34m[1mGenerating EusLisp code from astra_camera/ResetIRGain.srv[0m
[ 60%] [34m[1mGenerating Python code from SRV astra_camera/GetDeviceType[0m
[ 61%] [34m[1mGenerating EusLisp code from astra_camera/ResetIRExposure.srv[0m
[ 61%] [34m[1mGenerating EusLisp code from astra_camera/SwitchIRCamera.srv[0m
[ 62%] [34m[1mGenerating EusLisp code from astra_camera/SetDistortioncal.srv[0m
[ 63%] [34m[1mGenerating EusLisp code from astra_camera/SetAeEnable.srv[0m
[ 63%] [34m[1mGenerating Python code from SRV astra_camera/GetIRGain[0m
[ 63%] [34m[1mGenerating EusLisp code from astra_camera/GetVersion.srv[0m
[ 64%] [34m[1mGenerating Python code from SRV astra_camera/GetCameraInfo[0m
[ 65%] [34m[1mGenerating EusLisp code from astra_camera/SetAutoExposure.srv[0m
[ 65%] [34m[1mGenerating EusLisp code from astra_camera/SetAutoWhiteBalance.srv[0m
[ 65%] [34m[1mGenerating Python code from SRV astra_camera/GetUVCExposure[0m
[ 66%] [34m[1mGenerating Python code from SRV astra_camera/GetIRExposure[0m
[ 67%] [34m[1mGenerating EusLisp code from astra_camera/SetMirror.srv[0m
[ 67%] [34m[1mGenerating EusLisp code from astra_camera/SetUVCMirror.srv[0m
[ 67%] [34m[1mGenerating Python code from SRV astra_camera/GetUVCGain[0m
[ 68%] [34m[1mGenerating Python code from SRV astra_camera/GetUVCWhiteBalance[0m
[ 69%] [34m[1mGenerating EusLisp code from astra_camera/GetUVCMirror.srv[0m
[ 69%] [34m[1mGenerating EusLisp code from astra_camera/GetCameraParams.srv[0m
[ 69%] [34m[1mGenerating Python code from SRV astra_camera/SetUVCWhiteBalance[0m
[ 70%] [34m[1mGenerating Python code from SRV astra_camera/SetUVCGain[0m
[ 71%] [34m[1mGenerating EusLisp manifest code for astra_camera[0m
[ 71%] [34m[1mGenerating Python code from SRV astra_camera/SetIRExposure[0m
[ 72%] [34m[1mGenerating Python code from SRV astra_camera/SetIRGain[0m
[ 72%] [34m[1mGenerating Python code from SRV astra_camera/SetIRFlood[0m
[ 73%] [34m[1mGenerating Python code from SRV astra_camera/SetLaser[0m
[ 73%] [34m[1mGenerating Python code from SRV astra_camera/SetLDP[0m
[ 75%] [34m[1mGenerating Python code from SRV astra_camera/SetFan[0m
[ 75%] [34m[1mGenerating Python code from SRV astra_camera/SetUVCExposure[0m
[ 76%] [34m[1mGenerating Python code from SRV astra_camera/ResetIRGain[0m
[ 76%] Built target astra_camera_generate_messages_eus
[35m[1mScanning dependencies of target camera_node[0m
[ 77%] [34m[1mGenerating Python code from SRV astra_camera/ResetIRExposure[0m
[ 77%] [34m[1mGenerating Python code from SRV astra_camera/SwitchIRCamera[0m
[ 78%] [32mBuilding CXX object CMakeFiles/camera_node.dir/src/libuvc_camera/main.cpp.o[0m
[ 79%] [34m[1mGenerating Python code from SRV astra_camera/SetDistortioncal[0m
[ 79%] [34m[1mGenerating Python code from SRV astra_camera/SetAeEnable[0m
[ 79%] [32mBuilding CXX object CMakeFiles/camera_node.dir/src/libuvc_camera/camera_driver.cpp.o[0m
[ 80%] [34m[1mGenerating Python code from SRV astra_camera/GetVersion[0m
[ 80%] [34m[1mGenerating Python code from SRV astra_camera/SetAutoExposure[0m
[ 81%] [34m[1mGenerating Python code from SRV astra_camera/SetAutoWhiteBalance[0m
[ 81%] [34m[1mGenerating Python code from SRV astra_camera/SetMirror[0m
[ 82%] [34m[1mGenerating Python code from SRV astra_camera/SetUVCMirror[0m
[ 82%] [34m[1mGenerating Python code from SRV astra_camera/GetUVCMirror[0m
[ 83%] [34m[1mGenerating Python code from SRV astra_camera/GetCameraParams[0m
[ 83%] [34m[1mGenerating Python srv __init__.py for astra_camera[0m
[ 83%] Built target astra_camera_generate_messages_py
[35m[1mScanning dependencies of target libuvc_camera_nodelet[0m
[ 84%] [32mBuilding CXX object CMakeFiles/libuvc_camera_nodelet.dir/src/libuvc_camera/nodelet.cpp.o[0m
[ 84%] [32mBuilding CXX object CMakeFiles/libuvc_camera_nodelet.dir/src/libuvc_camera/camera_driver.cpp.o[0m
[ 85%] [32mBuilding CXX object CMakeFiles/camera_node.dir/src/astra_device_type.cpp.o[0m
[ 86%] [32mBuilding CXX object CMakeFiles/libuvc_camera_nodelet.dir/src/astra_device_type.cpp.o[0m
[35m[1mScanning dependencies of target astra_wrapper[0m
[ 87%] [32mBuilding CXX object CMakeFiles/astra_wrapper.dir/src/astra_convert.cpp.o[0m
[ 87%] [32mBuilding CXX object CMakeFiles/astra_wrapper.dir/src/astra_device.cpp.o[0m
[ 88%] [32mBuilding CXX object CMakeFiles/astra_wrapper.dir/src/astra_device_info.cpp.o[0m
[ 88%] [32mBuilding CXX object CMakeFiles/astra_wrapper.dir/src/astra_timer_filter.cpp.o[0m
[ 89%] [32mBuilding CXX object CMakeFiles/astra_wrapper.dir/src/astra_frame_listener.cpp.o[0m
In file included from [01m[K/opt/ros/noetic/include/ros/assert.h:35[m[K,
                 from [01m[K/opt/ros/noetic/include/ros/common.h:36[m[K,
                 from [01m[K/opt/ros/noetic/include/ros/publisher.h:32[m[K,
                 from [01m[K/opt/ros/noetic/include/ros/node_handle.h:32[m[K,
                 from [01m[K/home/vinh/catkin2_ws/devel/.private/astra_camera/include/astra_camera/AstraConfig.h:21[m[K,
                 from [01m[K/home/vinh/catkin2_ws/src/ros_astra_camera/include/astra_camera/astra_driver.h:36[m[K,
                 from [01m[K/home/vinh/catkin2_ws/src/ros_astra_camera/src/astra_device.cpp:42[m[K:
[01m[K/home/vinh/catkin2_ws/src/ros_astra_camera/src/astra_device.cpp:[m[K In constructor ‘[01m[Kastra_wrapper::AstraDevice::AstraDevice(const string&)[m[K’:
[01m[K/home/vinh/catkin2_ws/src/ros_astra_camera/src/astra_device.cpp:60:12:[m[K [01;35m[Kwarning: [m[Kformat ‘[01m[K%x[m[K’ expects argument of type ‘[01m[Kunsigned int[m[K’, but argument 8 has type ‘[01m[Kboost::shared_ptr<openni::Device>::element_type*[m[K’ {aka ‘[01m[Kopenni::Device*[m[K’} [[01;35m[K-Wformat=[m[K]
   60 |   ROS_INFO([01;35m[K"openni_device_: %x"[m[K, [32m[Kopenni_device_.get()[m[K);
      |            [01;35m[K^~~~~~~~~~~~~~~~~~~~[m[K  [32m[K~~~~~~~~~~~~~~~~~~~~[m[K
      |                                                    [32m[K|[m[K
      |                                                    [32m[Kboost::shared_ptr<openni::Device>::element_type* {aka openni::Device*}[m[K
[01m[K/opt/ros/noetic/include/ros/console.h:351:165:[m[K [01;36m[Knote: [m[Kin definition of macro ‘[01m[KROSCONSOLE_PRINT_AT_LOCATION_WITH_FILTER[m[K’
  351 |     ::ros::console::print(filter, __rosconsole_define_location__loc.logger_, __rosconsole_define_location__loc.level_, __FILE__, __LINE__, __ROSCONSOLE_FUNCTION__, [01;36m[K__VA_ARGS__[m[K)
      |                                                                                                                                                                     [01;36m[K^~~~~~~~~~~[m[K
[01m[K/opt/ros/noetic/include/ros/console.h:390:7:[m[K [01;36m[Knote: [m[Kin expansion of macro ‘[01m[KROSCONSOLE_PRINT_AT_LOCATION[m[K’
  390 |       [01;36m[KROSCONSOLE_PRINT_AT_LOCATION[m[K(__VA_ARGS__); \
      |       [01;36m[K^~~~~~~~~~~~~~~~~~~~~~~~~~~~[m[K
[01m[K/opt/ros/noetic/include/ros/console.h:575:35:[m[K [01;36m[Knote: [m[Kin expansion of macro ‘[01m[KROS_LOG_COND[m[K’
  575 | #define ROS_LOG(level, name, ...) [01;36m[KROS_LOG_COND[m[K(true, level, name, __VA_ARGS__)
      |                                   [01;36m[K^~~~~~~~~~~~[m[K
[01m[K/opt/ros/noetic/include/rosconsole/macros_generated.h:110:23:[m[K [01;36m[Knote: [m[Kin expansion of macro ‘[01m[KROS_LOG[m[K’
  110 | #define ROS_INFO(...) [01;36m[KROS_LOG[m[K(::ros::console::levels::Info, ROSCONSOLE_DEFAULT_NAME, __VA_ARGS__)
      |                       [01;36m[K^~~~~~~[m[K
[01m[K/home/vinh/catkin2_ws/src/ros_astra_camera/src/astra_device.cpp:60:3:[m[K [01;36m[Knote: [m[Kin expansion of macro ‘[01m[KROS_INFO[m[K’
   60 |   [01;36m[KROS_INFO[m[K("openni_device_: %x", openni_device_.get());
      |   [01;36m[K^~~~~~~~[m[K
[01m[K/home/vinh/catkin2_ws/src/ros_astra_camera/src/astra_device.cpp:60:30:[m[K [01;36m[Knote: [m[Kformat string is defined here
   60 |   ROS_INFO("openni_device_: [01;36m[K%x[m[K", openni_device_.get());
      |                             [01;36m[K~^[m[K
      |                              [01;36m[K|[m[K
      |                              [01;36m[Kunsigned int[m[K
In file included from [01m[K/opt/ros/noetic/include/ros/assert.h:35[m[K,
                 from [01m[K/opt/ros/noetic/include/ros/common.h:36[m[K,
                 from [01m[K/opt/ros/noetic/include/ros/publisher.h:32[m[K,
                 from [01m[K/opt/ros/noetic/include/ros/node_handle.h:32[m[K,
                 from [01m[K/home/vinh/catkin2_ws/devel/.private/astra_camera/include/astra_camera/AstraConfig.h:21[m[K,
                 from [01m[K/home/vinh/catkin2_ws/src/ros_astra_camera/include/astra_camera/astra_driver.h:36[m[K,
                 from [01m[K/home/vinh/catkin2_ws/src/ros_astra_camera/src/astra_device.cpp:42[m[K:
[01m[K/home/vinh/catkin2_ws/src/ros_astra_camera/src/astra_device.cpp:62:12:[m[K [01;35m[Kwarning: [m[Kformat ‘[01m[K%x[m[K’ expects argument of type ‘[01m[Kunsigned int[m[K’, but argument 8 has type ‘[01m[Kboost::shared_ptr<openni::Device>::element_type*[m[K’ {aka ‘[01m[Kopenni::Device*[m[K’} [[01;35m[K-Wformat=[m[K]
   62 |   ROS_INFO([01;35m[K"openni_device_: %x, uri:%s"[m[K, [32m[Kopenni_device_.get()[m[K, device_URI.c_str());
      |            [01;35m[K^~~~~~~~~~~~~~~~~~~~~~~~~~~~[m[K  [32m[K~~~~~~~~~~~~~~~~~~~~[m[K
      |                                                            [32m[K|[m[K
      |                                                            [32m[Kboost::shared_ptr<openni::Device>::element_type* {aka openni::Device*}[m[K
[01m[K/opt/ros/noetic/include/ros/console.h:351:165:[m[K [01;36m[Knote: [m[Kin definition of macro ‘[01m[KROSCONSOLE_PRINT_AT_LOCATION_WITH_FILTER[m[K’
  351 |     ::ros::console::print(filter, __rosconsole_define_location__loc.logger_, __rosconsole_define_location__loc.level_, __FILE__, __LINE__, __ROSCONSOLE_FUNCTION__, [01;36m[K__VA_ARGS__[m[K)
      |                                                                                                                                                                     [01;36m[K^~~~~~~~~~~[m[K
[01m[K/opt/ros/noetic/include/ros/console.h:390:7:[m[K [01;36m[Knote: [m[Kin expansion of macro ‘[01m[KROSCONSOLE_PRINT_AT_LOCATION[m[K’
  390 |       [01;36m[KROSCONSOLE_PRINT_AT_LOCATION[m[K(__VA_ARGS__); \
      |       [01;36m[K^~~~~~~~~~~~~~~~~~~~~~~~~~~~[m[K
[01m[K/opt/ros/noetic/include/ros/console.h:575:35:[m[K [01;36m[Knote: [m[Kin expansion of macro ‘[01m[KROS_LOG_COND[m[K’
  575 | #define ROS_LOG(level, name, ...) [01;36m[KROS_LOG_COND[m[K(true, level, name, __VA_ARGS__)
      |                                   [01;36m[K^~~~~~~~~~~~[m[K
[01m[K/opt/ros/noetic/include/rosconsole/macros_generated.h:110:23:[m[K [01;36m[Knote: [m[Kin expansion of macro ‘[01m[KROS_LOG[m[K’
  110 | #define ROS_INFO(...) [01;36m[KROS_LOG[m[K(::ros::console::levels::Info, ROSCONSOLE_DEFAULT_NAME, __VA_ARGS__)
      |                       [01;36m[K^~~~~~~[m[K
[01m[K/home/vinh/catkin2_ws/src/ros_astra_camera/src/astra_device.cpp:62:3:[m[K [01;36m[Knote: [m[Kin expansion of macro ‘[01m[KROS_INFO[m[K’
   62 |   [01;36m[KROS_INFO[m[K("openni_device_: %x, uri:%s", openni_device_.get(), device_URI.c_str());
      |   [01;36m[K^~~~~~~~[m[K
[01m[K/home/vinh/catkin2_ws/src/ros_astra_camera/src/astra_device.cpp:62:30:[m[K [01;36m[Knote: [m[Kformat string is defined here
   62 |   ROS_INFO("openni_device_: [01;36m[K%x[m[K, uri:%s", openni_device_.get(), device_URI.c_str());
      |                             [01;36m[K~^[m[K
      |                              [01;36m[K|[m[K
      |                              [01;36m[Kunsigned int[m[K
[ 89%] [32mBuilding CXX object CMakeFiles/astra_wrapper.dir/src/astra_device_manager.cpp.o[0m
[ 90%] [32mBuilding CXX object CMakeFiles/astra_wrapper.dir/src/astra_exception.cpp.o[0m
[ 90%] [32mBuilding CXX object CMakeFiles/astra_wrapper.dir/src/astra_video_mode.cpp.o[0m
[ 91%] [32mBuilding CXX object CMakeFiles/astra_wrapper.dir/src/astra_device_type.cpp.o[0m
[ 92%] [32mBuilding CXX object CMakeFiles/astra_wrapper.dir/src/utils.cpp.o[0m
[35m[1mScanning dependencies of target astra_camera_generate_messages[0m
[ 92%] [32m[1mLinking CXX executable /home/vinh/catkin2_ws/devel/.private/astra_camera/lib/astra_camera/camera_node[0m
[ 92%] Built target astra_camera_generate_messages
[ 92%] Built target camera_node
[ 93%] [32m[1mLinking CXX shared library /home/vinh/catkin2_ws/devel/.private/astra_camera/lib/liblibuvc_camera_nodelet.so[0m
[ 93%] Built target libuvc_camera_nodelet
[ 93%] [32m[1mLinking CXX shared library /home/vinh/catkin2_ws/devel/.private/astra_camera/lib/libastra_wrapper.so[0m
[ 93%] Built target astra_wrapper
[35m[1mScanning dependencies of target astra_test_wrapper[0m
[ 94%] [32mBuilding CXX object CMakeFiles/astra_test_wrapper.dir/test/test_wrapper.cpp.o[0m
[35m[1mScanning dependencies of target astra_list_devices[0m
[ 95%] [32mBuilding CXX object CMakeFiles/astra_list_devices.dir/src/list_devices.cpp.o[0m
[ 95%] [32m[1mLinking CXX executable /home/vinh/catkin2_ws/devel/.private/astra_camera/lib/astra_camera/astra_list_devices[0m
[ 95%] Built target astra_list_devices
[35m[1mScanning dependencies of target astra_driver_lib[0m
[ 96%] [32mBuilding CXX object CMakeFiles/astra_driver_lib.dir/src/astra_driver.cpp.o[0m
[ 96%] [32m[1mLinking CXX executable /home/vinh/catkin2_ws/devel/.private/astra_camera/lib/astra_camera/astra_test_wrapper[0m
[ 96%] Built target astra_test_wrapper
[ 97%] [32mBuilding CXX object CMakeFiles/astra_driver_lib.dir/src/astra_device_type.cpp.o[0m
[ 97%] [32m[1mLinking CXX shared library /home/vinh/catkin2_ws/devel/.private/astra_camera/lib/libastra_driver_lib.so[0m
[ 97%] Built target astra_driver_lib
[35m[1mScanning dependencies of target astra_camera_node[0m
[ 98%] [32mBuilding CXX object CMakeFiles/astra_camera_node.dir/ros/astra_camera_node.cpp.o[0m
[35m[1mScanning dependencies of target astra_camera_nodelet[0m
[100%] [32mBuilding CXX object CMakeFiles/astra_camera_nodelet.dir/ros/astra_camera_nodelet.cpp.o[0m
[100%] [32m[1mLinking CXX executable /home/vinh/catkin2_ws/devel/.private/astra_camera/lib/astra_camera/astra_camera_node[0m
[100%] Built target astra_camera_node
[100%] [32m[1mLinking CXX shared library /home/vinh/catkin2_ws/devel/.private/astra_camera/lib/libastra_camera_nodelet.so[0m
[100%] Built target astra_camera_nodelet
