Linked: (/home/vinh/catkin2_ws/devel/.private/turtlebot_actions/include/turtlebot_actions/TurtlebotMoveAction.h, /home/vinh/catkin2_ws/devel/include/turtlebot_actions/TurtlebotMoveAction.h)
Linked: (/home/vinh/catkin2_ws/devel/.private/turtlebot_actions/include/turtlebot_actions/FindFiducialAction.h, /home/vinh/catkin2_ws/devel/include/turtlebot_actions/FindFiducialAction.h)
Linked: (/home/vinh/catkin2_ws/devel/.private/turtlebot_actions/include/turtlebot_actions/TurtlebotMoveResult.h, /home/vinh/catkin2_ws/devel/include/turtlebot_actions/TurtlebotMoveResult.h)
Linked: (/home/vinh/catkin2_ws/devel/.private/turtlebot_actions/include/turtlebot_actions/FindFiducialActionGoal.h, /home/vinh/catkin2_ws/devel/include/turtlebot_actions/FindFiducialActionGoal.h)
Linked: (/home/vinh/catkin2_ws/devel/.private/turtlebot_actions/include/turtlebot_actions/TurtlebotMoveGoal.h, /home/vinh/catkin2_ws/devel/include/turtlebot_actions/TurtlebotMoveGoal.h)
Linked: (/home/vinh/catkin2_ws/devel/.private/turtlebot_actions/include/turtlebot_actions/FindFiducialGoal.h, /home/vinh/catkin2_ws/devel/include/turtlebot_actions/FindFiducialGoal.h)
Linked: (/home/vinh/catkin2_ws/devel/.private/turtlebot_actions/include/turtlebot_actions/TurtlebotMoveActionGoal.h, /home/vinh/catkin2_ws/devel/include/turtlebot_actions/TurtlebotMoveActionGoal.h)
Linked: (/home/vinh/catkin2_ws/devel/.private/turtlebot_actions/include/turtlebot_actions/FindFiducialActionFeedback.h, /home/vinh/catkin2_ws/devel/include/turtlebot_actions/FindFiducialActionFeedback.h)
Linked: (/home/vinh/catkin2_ws/devel/.private/turtlebot_actions/include/turtlebot_actions/FindFiducialActionResult.h, /home/vinh/catkin2_ws/devel/include/turtlebot_actions/FindFiducialActionResult.h)
Linked: (/home/vinh/catkin2_ws/devel/.private/turtlebot_actions/include/turtlebot_actions/FindFiducialResult.h, /home/vinh/catkin2_ws/devel/include/turtlebot_actions/FindFiducialResult.h)
Linked: (/home/vinh/catkin2_ws/devel/.private/turtlebot_actions/include/turtlebot_actions/FindFiducialFeedback.h, /home/vinh/catkin2_ws/devel/include/turtlebot_actions/FindFiducialFeedback.h)
Linked: (/home/vinh/catkin2_ws/devel/.private/turtlebot_actions/include/turtlebot_actions/TurtlebotMoveActionResult.h, /home/vinh/catkin2_ws/devel/include/turtlebot_actions/TurtlebotMoveActionResult.h)
Linked: (/home/vinh/catkin2_ws/devel/.private/turtlebot_actions/include/turtlebot_actions/TurtlebotMoveFeedback.h, /home/vinh/catkin2_ws/devel/include/turtlebot_actions/TurtlebotMoveFeedback.h)
Linked: (/home/vinh/catkin2_ws/devel/.private/turtlebot_actions/include/turtlebot_actions/TurtlebotMoveActionFeedback.h, /home/vinh/catkin2_ws/devel/include/turtlebot_actions/TurtlebotMoveActionFeedback.h)
Linked: (/home/vinh/catkin2_ws/devel/.private/turtlebot_actions/share/gennodejs/ros/turtlebot_actions/_index.js, /home/vinh/catkin2_ws/devel/share/gennodejs/ros/turtlebot_actions/_index.js)
Linked: (/home/vinh/catkin2_ws/devel/.private/turtlebot_actions/share/gennodejs/ros/turtlebot_actions/msg/TurtlebotMoveFeedback.js, /home/vinh/catkin2_ws/devel/share/gennodejs/ros/turtlebot_actions/msg/TurtlebotMoveFeedback.js)
Linked: (/home/vinh/catkin2_ws/devel/.private/turtlebot_actions/share/gennodejs/ros/turtlebot_actions/msg/TurtlebotMoveGoal.js, /home/vinh/catkin2_ws/devel/share/gennodejs/ros/turtlebot_actions/msg/TurtlebotMoveGoal.js)
Linked: (/home/vinh/catkin2_ws/devel/.private/turtlebot_actions/share/gennodejs/ros/turtlebot_actions/msg/TurtlebotMoveActionResult.js, /home/vinh/catkin2_ws/devel/share/gennodejs/ros/turtlebot_actions/msg/TurtlebotMoveActionResult.js)
Linked: (/home/vinh/catkin2_ws/devel/.private/turtlebot_actions/share/gennodejs/ros/turtlebot_actions/msg/FindFiducialResult.js, /home/vinh/catkin2_ws/devel/share/gennodejs/ros/turtlebot_actions/msg/FindFiducialResult.js)
Linked: (/home/vinh/catkin2_ws/devel/.private/turtlebot_actions/share/gennodejs/ros/turtlebot_actions/msg/FindFiducialAction.js, /home/vinh/catkin2_ws/devel/share/gennodejs/ros/turtlebot_actions/msg/FindFiducialAction.js)
Linked: (/home/vinh/catkin2_ws/devel/.private/turtlebot_actions/share/gennodejs/ros/turtlebot_actions/msg/TurtlebotMoveAction.js, /home/vinh/catkin2_ws/devel/share/gennodejs/ros/turtlebot_actions/msg/TurtlebotMoveAction.js)
Linked: (/home/vinh/catkin2_ws/devel/.private/turtlebot_actions/share/gennodejs/ros/turtlebot_actions/msg/FindFiducialFeedback.js, /home/vinh/catkin2_ws/devel/share/gennodejs/ros/turtlebot_actions/msg/FindFiducialFeedback.js)
Linked: (/home/vinh/catkin2_ws/devel/.private/turtlebot_actions/share/gennodejs/ros/turtlebot_actions/msg/FindFiducialActionFeedback.js, /home/vinh/catkin2_ws/devel/share/gennodejs/ros/turtlebot_actions/msg/FindFiducialActionFeedback.js)
Linked: (/home/vinh/catkin2_ws/devel/.private/turtlebot_actions/share/gennodejs/ros/turtlebot_actions/msg/TurtlebotMoveActionGoal.js, /home/vinh/catkin2_ws/devel/share/gennodejs/ros/turtlebot_actions/msg/TurtlebotMoveActionGoal.js)
Linked: (/home/vinh/catkin2_ws/devel/.private/turtlebot_actions/share/gennodejs/ros/turtlebot_actions/msg/FindFiducialActionResult.js, /home/vinh/catkin2_ws/devel/share/gennodejs/ros/turtlebot_actions/msg/FindFiducialActionResult.js)
Linked: (/home/vinh/catkin2_ws/devel/.private/turtlebot_actions/share/gennodejs/ros/turtlebot_actions/msg/FindFiducialGoal.js, /home/vinh/catkin2_ws/devel/share/gennodejs/ros/turtlebot_actions/msg/FindFiducialGoal.js)
Linked: (/home/vinh/catkin2_ws/devel/.private/turtlebot_actions/share/gennodejs/ros/turtlebot_actions/msg/TurtlebotMoveResult.js, /home/vinh/catkin2_ws/devel/share/gennodejs/ros/turtlebot_actions/msg/TurtlebotMoveResult.js)
Linked: (/home/vinh/catkin2_ws/devel/.private/turtlebot_actions/share/gennodejs/ros/turtlebot_actions/msg/TurtlebotMoveActionFeedback.js, /home/vinh/catkin2_ws/devel/share/gennodejs/ros/turtlebot_actions/msg/TurtlebotMoveActionFeedback.js)
Linked: (/home/vinh/catkin2_ws/devel/.private/turtlebot_actions/share/gennodejs/ros/turtlebot_actions/msg/_index.js, /home/vinh/catkin2_ws/devel/share/gennodejs/ros/turtlebot_actions/msg/_index.js)
Linked: (/home/vinh/catkin2_ws/devel/.private/turtlebot_actions/share/gennodejs/ros/turtlebot_actions/msg/FindFiducialActionGoal.js, /home/vinh/catkin2_ws/devel/share/gennodejs/ros/turtlebot_actions/msg/FindFiducialActionGoal.js)
Linked: (/home/vinh/catkin2_ws/devel/.private/turtlebot_actions/share/common-lisp/ros/turtlebot_actions/msg/FindFiducialGoal.lisp, /home/vinh/catkin2_ws/devel/share/common-lisp/ros/turtlebot_actions/msg/FindFiducialGoal.lisp)
Linked: (/home/vinh/catkin2_ws/devel/.private/turtlebot_actions/share/common-lisp/ros/turtlebot_actions/msg/TurtlebotMoveGoal.lisp, /home/vinh/catkin2_ws/devel/share/common-lisp/ros/turtlebot_actions/msg/TurtlebotMoveGoal.lisp)
Linked: (/home/vinh/catkin2_ws/devel/.private/turtlebot_actions/share/common-lisp/ros/turtlebot_actions/msg/_package_FindFiducialFeedback.lisp, /home/vinh/catkin2_ws/devel/share/common-lisp/ros/turtlebot_actions/msg/_package_FindFiducialFeedback.lisp)
Linked: (/home/vinh/catkin2_ws/devel/.private/turtlebot_actions/share/common-lisp/ros/turtlebot_actions/msg/_package.lisp, /home/vinh/catkin2_ws/devel/share/common-lisp/ros/turtlebot_actions/msg/_package.lisp)
Linked: (/home/vinh/catkin2_ws/devel/.private/turtlebot_actions/share/common-lisp/ros/turtlebot_actions/msg/_package_FindFiducialActionFeedback.lisp, /home/vinh/catkin2_ws/devel/share/common-lisp/ros/turtlebot_actions/msg/_package_FindFiducialActionFeedback.lisp)
Linked: (/home/vinh/catkin2_ws/devel/.private/turtlebot_actions/share/common-lisp/ros/turtlebot_actions/msg/FindFiducialActionGoal.lisp, /home/vinh/catkin2_ws/devel/share/common-lisp/ros/turtlebot_actions/msg/FindFiducialActionGoal.lisp)
Linked: (/home/vinh/catkin2_ws/devel/.private/turtlebot_actions/share/common-lisp/ros/turtlebot_actions/msg/_package_TurtlebotMoveFeedback.lisp, /home/vinh/catkin2_ws/devel/share/common-lisp/ros/turtlebot_actions/msg/_package_TurtlebotMoveFeedback.lisp)
Linked: (/home/vinh/catkin2_ws/devel/.private/turtlebot_actions/share/common-lisp/ros/turtlebot_actions/msg/_package_FindFiducialGoal.lisp, /home/vinh/catkin2_ws/devel/share/common-lisp/ros/turtlebot_actions/msg/_package_FindFiducialGoal.lisp)
Linked: (/home/vinh/catkin2_ws/devel/.private/turtlebot_actions/share/common-lisp/ros/turtlebot_actions/msg/TurtlebotMoveFeedback.lisp, /home/vinh/catkin2_ws/devel/share/common-lisp/ros/turtlebot_actions/msg/TurtlebotMoveFeedback.lisp)
Linked: (/home/vinh/catkin2_ws/devel/.private/turtlebot_actions/share/common-lisp/ros/turtlebot_actions/msg/_package_FindFiducialActionGoal.lisp, /home/vinh/catkin2_ws/devel/share/common-lisp/ros/turtlebot_actions/msg/_package_FindFiducialActionGoal.lisp)
Linked: (/home/vinh/catkin2_ws/devel/.private/turtlebot_actions/share/common-lisp/ros/turtlebot_actions/msg/FindFiducialFeedback.lisp, /home/vinh/catkin2_ws/devel/share/common-lisp/ros/turtlebot_actions/msg/FindFiducialFeedback.lisp)
Linked: (/home/vinh/catkin2_ws/devel/.private/turtlebot_actions/share/common-lisp/ros/turtlebot_actions/msg/TurtlebotMoveActionGoal.lisp, /home/vinh/catkin2_ws/devel/share/common-lisp/ros/turtlebot_actions/msg/TurtlebotMoveActionGoal.lisp)
Linked: (/home/vinh/catkin2_ws/devel/.private/turtlebot_actions/share/common-lisp/ros/turtlebot_actions/msg/_package_TurtlebotMoveAction.lisp, /home/vinh/catkin2_ws/devel/share/common-lisp/ros/turtlebot_actions/msg/_package_TurtlebotMoveAction.lisp)
Linked: (/home/vinh/catkin2_ws/devel/.private/turtlebot_actions/share/common-lisp/ros/turtlebot_actions/msg/_package_TurtlebotMoveActionResult.lisp, /home/vinh/catkin2_ws/devel/share/common-lisp/ros/turtlebot_actions/msg/_package_TurtlebotMoveActionResult.lisp)
Linked: (/home/vinh/catkin2_ws/devel/.private/turtlebot_actions/share/common-lisp/ros/turtlebot_actions/msg/_package_FindFiducialAction.lisp, /home/vinh/catkin2_ws/devel/share/common-lisp/ros/turtlebot_actions/msg/_package_FindFiducialAction.lisp)
Linked: (/home/vinh/catkin2_ws/devel/.private/turtlebot_actions/share/common-lisp/ros/turtlebot_actions/msg/FindFiducialAction.lisp, /home/vinh/catkin2_ws/devel/share/common-lisp/ros/turtlebot_actions/msg/FindFiducialAction.lisp)
Linked: (/home/vinh/catkin2_ws/devel/.private/turtlebot_actions/share/common-lisp/ros/turtlebot_actions/msg/_package_TurtlebotMoveGoal.lisp, /home/vinh/catkin2_ws/devel/share/common-lisp/ros/turtlebot_actions/msg/_package_TurtlebotMoveGoal.lisp)
Linked: (/home/vinh/catkin2_ws/devel/.private/turtlebot_actions/share/common-lisp/ros/turtlebot_actions/msg/turtlebot_actions-msg.asd, /home/vinh/catkin2_ws/devel/share/common-lisp/ros/turtlebot_actions/msg/turtlebot_actions-msg.asd)
Linked: (/home/vinh/catkin2_ws/devel/.private/turtlebot_actions/share/common-lisp/ros/turtlebot_actions/msg/_package_FindFiducialActionResult.lisp, /home/vinh/catkin2_ws/devel/share/common-lisp/ros/turtlebot_actions/msg/_package_FindFiducialActionResult.lisp)
Linked: (/home/vinh/catkin2_ws/devel/.private/turtlebot_actions/share/common-lisp/ros/turtlebot_actions/msg/_package_TurtlebotMoveResult.lisp, /home/vinh/catkin2_ws/devel/share/common-lisp/ros/turtlebot_actions/msg/_package_TurtlebotMoveResult.lisp)
Linked: (/home/vinh/catkin2_ws/devel/.private/turtlebot_actions/share/common-lisp/ros/turtlebot_actions/msg/FindFiducialActionFeedback.lisp, /home/vinh/catkin2_ws/devel/share/common-lisp/ros/turtlebot_actions/msg/FindFiducialActionFeedback.lisp)
Linked: (/home/vinh/catkin2_ws/devel/.private/turtlebot_actions/share/common-lisp/ros/turtlebot_actions/msg/TurtlebotMoveAction.lisp, /home/vinh/catkin2_ws/devel/share/common-lisp/ros/turtlebot_actions/msg/TurtlebotMoveAction.lisp)
Linked: (/home/vinh/catkin2_ws/devel/.private/turtlebot_actions/share/common-lisp/ros/turtlebot_actions/msg/_package_FindFiducialResult.lisp, /home/vinh/catkin2_ws/devel/share/common-lisp/ros/turtlebot_actions/msg/_package_FindFiducialResult.lisp)
Linked: (/home/vinh/catkin2_ws/devel/.private/turtlebot_actions/share/common-lisp/ros/turtlebot_actions/msg/TurtlebotMoveActionResult.lisp, /home/vinh/catkin2_ws/devel/share/common-lisp/ros/turtlebot_actions/msg/TurtlebotMoveActionResult.lisp)
Linked: (/home/vinh/catkin2_ws/devel/.private/turtlebot_actions/share/common-lisp/ros/turtlebot_actions/msg/TurtlebotMoveResult.lisp, /home/vinh/catkin2_ws/devel/share/common-lisp/ros/turtlebot_actions/msg/TurtlebotMoveResult.lisp)
Linked: (/home/vinh/catkin2_ws/devel/.private/turtlebot_actions/share/common-lisp/ros/turtlebot_actions/msg/_package_TurtlebotMoveActionFeedback.lisp, /home/vinh/catkin2_ws/devel/share/common-lisp/ros/turtlebot_actions/msg/_package_TurtlebotMoveActionFeedback.lisp)
Linked: (/home/vinh/catkin2_ws/devel/.private/turtlebot_actions/share/common-lisp/ros/turtlebot_actions/msg/TurtlebotMoveActionFeedback.lisp, /home/vinh/catkin2_ws/devel/share/common-lisp/ros/turtlebot_actions/msg/TurtlebotMoveActionFeedback.lisp)
Linked: (/home/vinh/catkin2_ws/devel/.private/turtlebot_actions/share/common-lisp/ros/turtlebot_actions/msg/_package_TurtlebotMoveActionGoal.lisp, /home/vinh/catkin2_ws/devel/share/common-lisp/ros/turtlebot_actions/msg/_package_TurtlebotMoveActionGoal.lisp)
Linked: (/home/vinh/catkin2_ws/devel/.private/turtlebot_actions/share/common-lisp/ros/turtlebot_actions/msg/FindFiducialActionResult.lisp, /home/vinh/catkin2_ws/devel/share/common-lisp/ros/turtlebot_actions/msg/FindFiducialActionResult.lisp)
Linked: (/home/vinh/catkin2_ws/devel/.private/turtlebot_actions/share/common-lisp/ros/turtlebot_actions/msg/FindFiducialResult.lisp, /home/vinh/catkin2_ws/devel/share/common-lisp/ros/turtlebot_actions/msg/FindFiducialResult.lisp)
Linked: (/home/vinh/catkin2_ws/devel/.private/turtlebot_actions/share/turtlebot_actions/msg/TurtlebotMoveResult.msg, /home/vinh/catkin2_ws/devel/share/turtlebot_actions/msg/TurtlebotMoveResult.msg)
Linked: (/home/vinh/catkin2_ws/devel/.private/turtlebot_actions/share/turtlebot_actions/msg/TurtlebotMoveFeedback.msg, /home/vinh/catkin2_ws/devel/share/turtlebot_actions/msg/TurtlebotMoveFeedback.msg)
Linked: (/home/vinh/catkin2_ws/devel/.private/turtlebot_actions/share/turtlebot_actions/msg/FindFiducialFeedback.msg, /home/vinh/catkin2_ws/devel/share/turtlebot_actions/msg/FindFiducialFeedback.msg)
Linked: (/home/vinh/catkin2_ws/devel/.private/turtlebot_actions/share/turtlebot_actions/msg/FindFiducialActionResult.msg, /home/vinh/catkin2_ws/devel/share/turtlebot_actions/msg/FindFiducialActionResult.msg)
Linked: (/home/vinh/catkin2_ws/devel/.private/turtlebot_actions/share/turtlebot_actions/msg/FindFiducialActionGoal.msg, /home/vinh/catkin2_ws/devel/share/turtlebot_actions/msg/FindFiducialActionGoal.msg)
Linked: (/home/vinh/catkin2_ws/devel/.private/turtlebot_actions/share/turtlebot_actions/msg/TurtlebotMoveActionResult.msg, /home/vinh/catkin2_ws/devel/share/turtlebot_actions/msg/TurtlebotMoveActionResult.msg)
Linked: (/home/vinh/catkin2_ws/devel/.private/turtlebot_actions/share/turtlebot_actions/msg/TurtlebotMoveActionFeedback.msg, /home/vinh/catkin2_ws/devel/share/turtlebot_actions/msg/TurtlebotMoveActionFeedback.msg)
Linked: (/home/vinh/catkin2_ws/devel/.private/turtlebot_actions/share/turtlebot_actions/msg/FindFiducialResult.msg, /home/vinh/catkin2_ws/devel/share/turtlebot_actions/msg/FindFiducialResult.msg)
Linked: (/home/vinh/catkin2_ws/devel/.private/turtlebot_actions/share/turtlebot_actions/msg/TurtlebotMoveGoal.msg, /home/vinh/catkin2_ws/devel/share/turtlebot_actions/msg/TurtlebotMoveGoal.msg)
Linked: (/home/vinh/catkin2_ws/devel/.private/turtlebot_actions/share/turtlebot_actions/msg/FindFiducialAction.msg, /home/vinh/catkin2_ws/devel/share/turtlebot_actions/msg/FindFiducialAction.msg)
Linked: (/home/vinh/catkin2_ws/devel/.private/turtlebot_actions/share/turtlebot_actions/msg/TurtlebotMoveActionGoal.msg, /home/vinh/catkin2_ws/devel/share/turtlebot_actions/msg/TurtlebotMoveActionGoal.msg)
Linked: (/home/vinh/catkin2_ws/devel/.private/turtlebot_actions/share/turtlebot_actions/msg/TurtlebotMoveAction.msg, /home/vinh/catkin2_ws/devel/share/turtlebot_actions/msg/TurtlebotMoveAction.msg)
Linked: (/home/vinh/catkin2_ws/devel/.private/turtlebot_actions/share/turtlebot_actions/msg/FindFiducialActionFeedback.msg, /home/vinh/catkin2_ws/devel/share/turtlebot_actions/msg/FindFiducialActionFeedback.msg)
Linked: (/home/vinh/catkin2_ws/devel/.private/turtlebot_actions/share/turtlebot_actions/msg/FindFiducialGoal.msg, /home/vinh/catkin2_ws/devel/share/turtlebot_actions/msg/FindFiducialGoal.msg)
Linked: (/home/vinh/catkin2_ws/devel/.private/turtlebot_actions/share/turtlebot_actions/cmake/turtlebot_actionsConfig-version.cmake, /home/vinh/catkin2_ws/devel/share/turtlebot_actions/cmake/turtlebot_actionsConfig-version.cmake)
Linked: (/home/vinh/catkin2_ws/devel/.private/turtlebot_actions/share/turtlebot_actions/cmake/turtlebot_actions-msg-paths.cmake, /home/vinh/catkin2_ws/devel/share/turtlebot_actions/cmake/turtlebot_actions-msg-paths.cmake)
Linked: (/home/vinh/catkin2_ws/devel/.private/turtlebot_actions/share/turtlebot_actions/cmake/turtlebot_actions-msg-extras.cmake, /home/vinh/catkin2_ws/devel/share/turtlebot_actions/cmake/turtlebot_actions-msg-extras.cmake)
Linked: (/home/vinh/catkin2_ws/devel/.private/turtlebot_actions/share/turtlebot_actions/cmake/turtlebot_actionsConfig.cmake, /home/vinh/catkin2_ws/devel/share/turtlebot_actions/cmake/turtlebot_actionsConfig.cmake)
Linked: (/home/vinh/catkin2_ws/devel/.private/turtlebot_actions/share/roseus/ros/turtlebot_actions/manifest.l, /home/vinh/catkin2_ws/devel/share/roseus/ros/turtlebot_actions/manifest.l)
Linked: (/home/vinh/catkin2_ws/devel/.private/turtlebot_actions/share/roseus/ros/turtlebot_actions/msg/TurtlebotMoveFeedback.l, /home/vinh/catkin2_ws/devel/share/roseus/ros/turtlebot_actions/msg/TurtlebotMoveFeedback.l)
Linked: (/home/vinh/catkin2_ws/devel/.private/turtlebot_actions/share/roseus/ros/turtlebot_actions/msg/TurtlebotMoveActionGoal.l, /home/vinh/catkin2_ws/devel/share/roseus/ros/turtlebot_actions/msg/TurtlebotMoveActionGoal.l)
Linked: (/home/vinh/catkin2_ws/devel/.private/turtlebot_actions/share/roseus/ros/turtlebot_actions/msg/TurtlebotMoveActionResult.l, /home/vinh/catkin2_ws/devel/share/roseus/ros/turtlebot_actions/msg/TurtlebotMoveActionResult.l)
Linked: (/home/vinh/catkin2_ws/devel/.private/turtlebot_actions/share/roseus/ros/turtlebot_actions/msg/FindFiducialGoal.l, /home/vinh/catkin2_ws/devel/share/roseus/ros/turtlebot_actions/msg/FindFiducialGoal.l)
Linked: (/home/vinh/catkin2_ws/devel/.private/turtlebot_actions/share/roseus/ros/turtlebot_actions/msg/FindFiducialActionResult.l, /home/vinh/catkin2_ws/devel/share/roseus/ros/turtlebot_actions/msg/FindFiducialActionResult.l)
Linked: (/home/vinh/catkin2_ws/devel/.private/turtlebot_actions/share/roseus/ros/turtlebot_actions/msg/TurtlebotMoveActionFeedback.l, /home/vinh/catkin2_ws/devel/share/roseus/ros/turtlebot_actions/msg/TurtlebotMoveActionFeedback.l)
Linked: (/home/vinh/catkin2_ws/devel/.private/turtlebot_actions/share/roseus/ros/turtlebot_actions/msg/TurtlebotMoveResult.l, /home/vinh/catkin2_ws/devel/share/roseus/ros/turtlebot_actions/msg/TurtlebotMoveResult.l)
Linked: (/home/vinh/catkin2_ws/devel/.private/turtlebot_actions/share/roseus/ros/turtlebot_actions/msg/FindFiducialActionGoal.l, /home/vinh/catkin2_ws/devel/share/roseus/ros/turtlebot_actions/msg/FindFiducialActionGoal.l)
Linked: (/home/vinh/catkin2_ws/devel/.private/turtlebot_actions/share/roseus/ros/turtlebot_actions/msg/FindFiducialActionFeedback.l, /home/vinh/catkin2_ws/devel/share/roseus/ros/turtlebot_actions/msg/FindFiducialActionFeedback.l)
Linked: (/home/vinh/catkin2_ws/devel/.private/turtlebot_actions/share/roseus/ros/turtlebot_actions/msg/FindFiducialAction.l, /home/vinh/catkin2_ws/devel/share/roseus/ros/turtlebot_actions/msg/FindFiducialAction.l)
Linked: (/home/vinh/catkin2_ws/devel/.private/turtlebot_actions/share/roseus/ros/turtlebot_actions/msg/TurtlebotMoveAction.l, /home/vinh/catkin2_ws/devel/share/roseus/ros/turtlebot_actions/msg/TurtlebotMoveAction.l)
Linked: (/home/vinh/catkin2_ws/devel/.private/turtlebot_actions/share/roseus/ros/turtlebot_actions/msg/TurtlebotMoveGoal.l, /home/vinh/catkin2_ws/devel/share/roseus/ros/turtlebot_actions/msg/TurtlebotMoveGoal.l)
Linked: (/home/vinh/catkin2_ws/devel/.private/turtlebot_actions/share/roseus/ros/turtlebot_actions/msg/FindFiducialResult.l, /home/vinh/catkin2_ws/devel/share/roseus/ros/turtlebot_actions/msg/FindFiducialResult.l)
Linked: (/home/vinh/catkin2_ws/devel/.private/turtlebot_actions/share/roseus/ros/turtlebot_actions/msg/FindFiducialFeedback.l, /home/vinh/catkin2_ws/devel/share/roseus/ros/turtlebot_actions/msg/FindFiducialFeedback.l)
Linked: (/home/vinh/catkin2_ws/devel/.private/turtlebot_actions/lib/pkgconfig/turtlebot_actions.pc, /home/vinh/catkin2_ws/devel/lib/pkgconfig/turtlebot_actions.pc)
Linked: (/home/vinh/catkin2_ws/devel/.private/turtlebot_actions/lib/turtlebot_actions/turtlebot_move_action_server, /home/vinh/catkin2_ws/devel/lib/turtlebot_actions/turtlebot_move_action_server)
Linked: (/home/vinh/catkin2_ws/devel/.private/turtlebot_actions/lib/turtlebot_actions/find_fiducial_pose, /home/vinh/catkin2_ws/devel/lib/turtlebot_actions/find_fiducial_pose)
Linked: (/home/vinh/catkin2_ws/devel/.private/turtlebot_actions/lib/python3/dist-packages/turtlebot_actions/__init__.py, /home/vinh/catkin2_ws/devel/lib/python3/dist-packages/turtlebot_actions/__init__.py)
Linked: (/home/vinh/catkin2_ws/devel/.private/turtlebot_actions/lib/python3/dist-packages/turtlebot_actions/msg/_TurtlebotMoveActionFeedback.py, /home/vinh/catkin2_ws/devel/lib/python3/dist-packages/turtlebot_actions/msg/_TurtlebotMoveActionFeedback.py)
Linked: (/home/vinh/catkin2_ws/devel/.private/turtlebot_actions/lib/python3/dist-packages/turtlebot_actions/msg/_FindFiducialAction.py, /home/vinh/catkin2_ws/devel/lib/python3/dist-packages/turtlebot_actions/msg/_FindFiducialAction.py)
Linked: (/home/vinh/catkin2_ws/devel/.private/turtlebot_actions/lib/python3/dist-packages/turtlebot_actions/msg/_FindFiducialActionGoal.py, /home/vinh/catkin2_ws/devel/lib/python3/dist-packages/turtlebot_actions/msg/_FindFiducialActionGoal.py)
Linked: (/home/vinh/catkin2_ws/devel/.private/turtlebot_actions/lib/python3/dist-packages/turtlebot_actions/msg/_TurtlebotMoveResult.py, /home/vinh/catkin2_ws/devel/lib/python3/dist-packages/turtlebot_actions/msg/_TurtlebotMoveResult.py)
Linked: (/home/vinh/catkin2_ws/devel/.private/turtlebot_actions/lib/python3/dist-packages/turtlebot_actions/msg/_FindFiducialActionFeedback.py, /home/vinh/catkin2_ws/devel/lib/python3/dist-packages/turtlebot_actions/msg/_FindFiducialActionFeedback.py)
Linked: (/home/vinh/catkin2_ws/devel/.private/turtlebot_actions/lib/python3/dist-packages/turtlebot_actions/msg/_FindFiducialGoal.py, /home/vinh/catkin2_ws/devel/lib/python3/dist-packages/turtlebot_actions/msg/_FindFiducialGoal.py)
Linked: (/home/vinh/catkin2_ws/devel/.private/turtlebot_actions/lib/python3/dist-packages/turtlebot_actions/msg/_TurtlebotMoveFeedback.py, /home/vinh/catkin2_ws/devel/lib/python3/dist-packages/turtlebot_actions/msg/_TurtlebotMoveFeedback.py)
Linked: (/home/vinh/catkin2_ws/devel/.private/turtlebot_actions/lib/python3/dist-packages/turtlebot_actions/msg/__init__.py, /home/vinh/catkin2_ws/devel/lib/python3/dist-packages/turtlebot_actions/msg/__init__.py)
Linked: (/home/vinh/catkin2_ws/devel/.private/turtlebot_actions/lib/python3/dist-packages/turtlebot_actions/msg/_FindFiducialFeedback.py, /home/vinh/catkin2_ws/devel/lib/python3/dist-packages/turtlebot_actions/msg/_FindFiducialFeedback.py)
Linked: (/home/vinh/catkin2_ws/devel/.private/turtlebot_actions/lib/python3/dist-packages/turtlebot_actions/msg/_TurtlebotMoveAction.py, /home/vinh/catkin2_ws/devel/lib/python3/dist-packages/turtlebot_actions/msg/_TurtlebotMoveAction.py)
Linked: (/home/vinh/catkin2_ws/devel/.private/turtlebot_actions/lib/python3/dist-packages/turtlebot_actions/msg/_TurtlebotMoveGoal.py, /home/vinh/catkin2_ws/devel/lib/python3/dist-packages/turtlebot_actions/msg/_TurtlebotMoveGoal.py)
Linked: (/home/vinh/catkin2_ws/devel/.private/turtlebot_actions/lib/python3/dist-packages/turtlebot_actions/msg/_TurtlebotMoveActionGoal.py, /home/vinh/catkin2_ws/devel/lib/python3/dist-packages/turtlebot_actions/msg/_TurtlebotMoveActionGoal.py)
Linked: (/home/vinh/catkin2_ws/devel/.private/turtlebot_actions/lib/python3/dist-packages/turtlebot_actions/msg/_FindFiducialResult.py, /home/vinh/catkin2_ws/devel/lib/python3/dist-packages/turtlebot_actions/msg/_FindFiducialResult.py)
Linked: (/home/vinh/catkin2_ws/devel/.private/turtlebot_actions/lib/python3/dist-packages/turtlebot_actions/msg/_TurtlebotMoveActionResult.py, /home/vinh/catkin2_ws/devel/lib/python3/dist-packages/turtlebot_actions/msg/_TurtlebotMoveActionResult.py)
Linked: (/home/vinh/catkin2_ws/devel/.private/turtlebot_actions/lib/python3/dist-packages/turtlebot_actions/msg/_FindFiducialActionResult.py, /home/vinh/catkin2_ws/devel/lib/python3/dist-packages/turtlebot_actions/msg/_FindFiducialActionResult.py)
