Linked: (/home/vinh/catkin2_ws/devel/.private/actionlib/include/actionlib/TestActionGoal.h, /home/vinh/catkin2_ws/devel/include/actionlib/TestActionGoal.h)
Linked: (/home/vinh/catkin2_ws/devel/.private/actionlib/include/actionlib/TestActionFeedback.h, /home/vinh/catkin2_ws/devel/include/actionlib/TestActionFeedback.h)
Linked: (/home/vinh/catkin2_ws/devel/.private/actionlib/include/actionlib/TwoIntsActionFeedback.h, /home/vinh/catkin2_ws/devel/include/actionlib/TwoIntsActionFeedback.h)
Linked: (/home/vinh/catkin2_ws/devel/.private/actionlib/include/actionlib/TestRequestActionGoal.h, /home/vinh/catkin2_ws/devel/include/actionlib/TestRequestActionGoal.h)
Linked: (/home/vinh/catkin2_ws/devel/.private/actionlib/include/actionlib/TestRequestActionFeedback.h, /home/vinh/catkin2_ws/devel/include/actionlib/TestRequestActionFeedback.h)
Linked: (/home/vinh/catkin2_ws/devel/.private/actionlib/include/actionlib/TwoIntsActionResult.h, /home/vinh/catkin2_ws/devel/include/actionlib/TwoIntsActionResult.h)
Linked: (/home/vinh/catkin2_ws/devel/.private/actionlib/include/actionlib/TestRequestResult.h, /home/vinh/catkin2_ws/devel/include/actionlib/TestRequestResult.h)
Linked: (/home/vinh/catkin2_ws/devel/.private/actionlib/include/actionlib/TwoIntsAction.h, /home/vinh/catkin2_ws/devel/include/actionlib/TwoIntsAction.h)
Linked: (/home/vinh/catkin2_ws/devel/.private/actionlib/include/actionlib/TwoIntsResult.h, /home/vinh/catkin2_ws/devel/include/actionlib/TwoIntsResult.h)
Linked: (/home/vinh/catkin2_ws/devel/.private/actionlib/include/actionlib/TestAction.h, /home/vinh/catkin2_ws/devel/include/actionlib/TestAction.h)
Linked: (/home/vinh/catkin2_ws/devel/.private/actionlib/include/actionlib/TestActionResult.h, /home/vinh/catkin2_ws/devel/include/actionlib/TestActionResult.h)
Linked: (/home/vinh/catkin2_ws/devel/.private/actionlib/include/actionlib/TestResult.h, /home/vinh/catkin2_ws/devel/include/actionlib/TestResult.h)
Linked: (/home/vinh/catkin2_ws/devel/.private/actionlib/include/actionlib/TestRequestAction.h, /home/vinh/catkin2_ws/devel/include/actionlib/TestRequestAction.h)
Linked: (/home/vinh/catkin2_ws/devel/.private/actionlib/include/actionlib/TestRequestFeedback.h, /home/vinh/catkin2_ws/devel/include/actionlib/TestRequestFeedback.h)
Linked: (/home/vinh/catkin2_ws/devel/.private/actionlib/include/actionlib/TwoIntsFeedback.h, /home/vinh/catkin2_ws/devel/include/actionlib/TwoIntsFeedback.h)
Linked: (/home/vinh/catkin2_ws/devel/.private/actionlib/include/actionlib/TestRequestGoal.h, /home/vinh/catkin2_ws/devel/include/actionlib/TestRequestGoal.h)
Linked: (/home/vinh/catkin2_ws/devel/.private/actionlib/include/actionlib/TwoIntsGoal.h, /home/vinh/catkin2_ws/devel/include/actionlib/TwoIntsGoal.h)
Linked: (/home/vinh/catkin2_ws/devel/.private/actionlib/include/actionlib/TestRequestActionResult.h, /home/vinh/catkin2_ws/devel/include/actionlib/TestRequestActionResult.h)
Linked: (/home/vinh/catkin2_ws/devel/.private/actionlib/include/actionlib/TwoIntsActionGoal.h, /home/vinh/catkin2_ws/devel/include/actionlib/TwoIntsActionGoal.h)
Linked: (/home/vinh/catkin2_ws/devel/.private/actionlib/include/actionlib/TestGoal.h, /home/vinh/catkin2_ws/devel/include/actionlib/TestGoal.h)
Linked: (/home/vinh/catkin2_ws/devel/.private/actionlib/include/actionlib/TestFeedback.h, /home/vinh/catkin2_ws/devel/include/actionlib/TestFeedback.h)
Linked: (/home/vinh/catkin2_ws/devel/.private/actionlib/share/gennodejs/ros/actionlib/_index.js, /home/vinh/catkin2_ws/devel/share/gennodejs/ros/actionlib/_index.js)
Linked: (/home/vinh/catkin2_ws/devel/.private/actionlib/share/gennodejs/ros/actionlib/msg/TwoIntsActionGoal.js, /home/vinh/catkin2_ws/devel/share/gennodejs/ros/actionlib/msg/TwoIntsActionGoal.js)
Linked: (/home/vinh/catkin2_ws/devel/.private/actionlib/share/gennodejs/ros/actionlib/msg/TestRequestResult.js, /home/vinh/catkin2_ws/devel/share/gennodejs/ros/actionlib/msg/TestRequestResult.js)
Linked: (/home/vinh/catkin2_ws/devel/.private/actionlib/share/gennodejs/ros/actionlib/msg/TestActionGoal.js, /home/vinh/catkin2_ws/devel/share/gennodejs/ros/actionlib/msg/TestActionGoal.js)
Linked: (/home/vinh/catkin2_ws/devel/.private/actionlib/share/gennodejs/ros/actionlib/msg/TwoIntsActionFeedback.js, /home/vinh/catkin2_ws/devel/share/gennodejs/ros/actionlib/msg/TwoIntsActionFeedback.js)
Linked: (/home/vinh/catkin2_ws/devel/.private/actionlib/share/gennodejs/ros/actionlib/msg/TestFeedback.js, /home/vinh/catkin2_ws/devel/share/gennodejs/ros/actionlib/msg/TestFeedback.js)
Linked: (/home/vinh/catkin2_ws/devel/.private/actionlib/share/gennodejs/ros/actionlib/msg/TestActionFeedback.js, /home/vinh/catkin2_ws/devel/share/gennodejs/ros/actionlib/msg/TestActionFeedback.js)
Linked: (/home/vinh/catkin2_ws/devel/.private/actionlib/share/gennodejs/ros/actionlib/msg/TestRequestGoal.js, /home/vinh/catkin2_ws/devel/share/gennodejs/ros/actionlib/msg/TestRequestGoal.js)
Linked: (/home/vinh/catkin2_ws/devel/.private/actionlib/share/gennodejs/ros/actionlib/msg/TwoIntsActionResult.js, /home/vinh/catkin2_ws/devel/share/gennodejs/ros/actionlib/msg/TwoIntsActionResult.js)
Linked: (/home/vinh/catkin2_ws/devel/.private/actionlib/share/gennodejs/ros/actionlib/msg/TwoIntsFeedback.js, /home/vinh/catkin2_ws/devel/share/gennodejs/ros/actionlib/msg/TwoIntsFeedback.js)
Linked: (/home/vinh/catkin2_ws/devel/.private/actionlib/share/gennodejs/ros/actionlib/msg/TestAction.js, /home/vinh/catkin2_ws/devel/share/gennodejs/ros/actionlib/msg/TestAction.js)
Linked: (/home/vinh/catkin2_ws/devel/.private/actionlib/share/gennodejs/ros/actionlib/msg/TestResult.js, /home/vinh/catkin2_ws/devel/share/gennodejs/ros/actionlib/msg/TestResult.js)
Linked: (/home/vinh/catkin2_ws/devel/.private/actionlib/share/gennodejs/ros/actionlib/msg/TestRequestActionResult.js, /home/vinh/catkin2_ws/devel/share/gennodejs/ros/actionlib/msg/TestRequestActionResult.js)
Linked: (/home/vinh/catkin2_ws/devel/.private/actionlib/share/gennodejs/ros/actionlib/msg/TestActionResult.js, /home/vinh/catkin2_ws/devel/share/gennodejs/ros/actionlib/msg/TestActionResult.js)
Linked: (/home/vinh/catkin2_ws/devel/.private/actionlib/share/gennodejs/ros/actionlib/msg/TestRequestAction.js, /home/vinh/catkin2_ws/devel/share/gennodejs/ros/actionlib/msg/TestRequestAction.js)
Linked: (/home/vinh/catkin2_ws/devel/.private/actionlib/share/gennodejs/ros/actionlib/msg/TwoIntsResult.js, /home/vinh/catkin2_ws/devel/share/gennodejs/ros/actionlib/msg/TwoIntsResult.js)
Linked: (/home/vinh/catkin2_ws/devel/.private/actionlib/share/gennodejs/ros/actionlib/msg/TwoIntsGoal.js, /home/vinh/catkin2_ws/devel/share/gennodejs/ros/actionlib/msg/TwoIntsGoal.js)
Linked: (/home/vinh/catkin2_ws/devel/.private/actionlib/share/gennodejs/ros/actionlib/msg/TestRequestActionGoal.js, /home/vinh/catkin2_ws/devel/share/gennodejs/ros/actionlib/msg/TestRequestActionGoal.js)
Linked: (/home/vinh/catkin2_ws/devel/.private/actionlib/share/gennodejs/ros/actionlib/msg/TestRequestActionFeedback.js, /home/vinh/catkin2_ws/devel/share/gennodejs/ros/actionlib/msg/TestRequestActionFeedback.js)
Linked: (/home/vinh/catkin2_ws/devel/.private/actionlib/share/gennodejs/ros/actionlib/msg/_index.js, /home/vinh/catkin2_ws/devel/share/gennodejs/ros/actionlib/msg/_index.js)
Linked: (/home/vinh/catkin2_ws/devel/.private/actionlib/share/gennodejs/ros/actionlib/msg/TestGoal.js, /home/vinh/catkin2_ws/devel/share/gennodejs/ros/actionlib/msg/TestGoal.js)
Linked: (/home/vinh/catkin2_ws/devel/.private/actionlib/share/gennodejs/ros/actionlib/msg/TestRequestFeedback.js, /home/vinh/catkin2_ws/devel/share/gennodejs/ros/actionlib/msg/TestRequestFeedback.js)
Linked: (/home/vinh/catkin2_ws/devel/.private/actionlib/share/gennodejs/ros/actionlib/msg/TwoIntsAction.js, /home/vinh/catkin2_ws/devel/share/gennodejs/ros/actionlib/msg/TwoIntsAction.js)
Linked: (/home/vinh/catkin2_ws/devel/.private/actionlib/share/actionlib/msg/TwoIntsFeedback.msg, /home/vinh/catkin2_ws/devel/share/actionlib/msg/TwoIntsFeedback.msg)
Linked: (/home/vinh/catkin2_ws/devel/.private/actionlib/share/actionlib/msg/TwoIntsAction.msg, /home/vinh/catkin2_ws/devel/share/actionlib/msg/TwoIntsAction.msg)
Linked: (/home/vinh/catkin2_ws/devel/.private/actionlib/share/actionlib/msg/TestRequestAction.msg, /home/vinh/catkin2_ws/devel/share/actionlib/msg/TestRequestAction.msg)
Linked: (/home/vinh/catkin2_ws/devel/.private/actionlib/share/actionlib/msg/TwoIntsResult.msg, /home/vinh/catkin2_ws/devel/share/actionlib/msg/TwoIntsResult.msg)
Linked: (/home/vinh/catkin2_ws/devel/.private/actionlib/share/actionlib/msg/TestFeedback.msg, /home/vinh/catkin2_ws/devel/share/actionlib/msg/TestFeedback.msg)
Linked: (/home/vinh/catkin2_ws/devel/.private/actionlib/share/actionlib/msg/TwoIntsActionResult.msg, /home/vinh/catkin2_ws/devel/share/actionlib/msg/TwoIntsActionResult.msg)
Linked: (/home/vinh/catkin2_ws/devel/.private/actionlib/share/actionlib/msg/TestRequestActionFeedback.msg, /home/vinh/catkin2_ws/devel/share/actionlib/msg/TestRequestActionFeedback.msg)
Linked: (/home/vinh/catkin2_ws/devel/.private/actionlib/share/actionlib/msg/TestGoal.msg, /home/vinh/catkin2_ws/devel/share/actionlib/msg/TestGoal.msg)
Linked: (/home/vinh/catkin2_ws/devel/.private/actionlib/share/actionlib/msg/TestActionGoal.msg, /home/vinh/catkin2_ws/devel/share/actionlib/msg/TestActionGoal.msg)
Linked: (/home/vinh/catkin2_ws/devel/.private/actionlib/share/actionlib/msg/TestActionResult.msg, /home/vinh/catkin2_ws/devel/share/actionlib/msg/TestActionResult.msg)
Linked: (/home/vinh/catkin2_ws/devel/.private/actionlib/share/actionlib/msg/TestRequestActionGoal.msg, /home/vinh/catkin2_ws/devel/share/actionlib/msg/TestRequestActionGoal.msg)
Linked: (/home/vinh/catkin2_ws/devel/.private/actionlib/share/actionlib/msg/TestAction.msg, /home/vinh/catkin2_ws/devel/share/actionlib/msg/TestAction.msg)
Linked: (/home/vinh/catkin2_ws/devel/.private/actionlib/share/actionlib/msg/TestRequestActionResult.msg, /home/vinh/catkin2_ws/devel/share/actionlib/msg/TestRequestActionResult.msg)
Linked: (/home/vinh/catkin2_ws/devel/.private/actionlib/share/actionlib/msg/TwoIntsActionGoal.msg, /home/vinh/catkin2_ws/devel/share/actionlib/msg/TwoIntsActionGoal.msg)
Linked: (/home/vinh/catkin2_ws/devel/.private/actionlib/share/actionlib/msg/TestResult.msg, /home/vinh/catkin2_ws/devel/share/actionlib/msg/TestResult.msg)
Linked: (/home/vinh/catkin2_ws/devel/.private/actionlib/share/actionlib/msg/TestRequestResult.msg, /home/vinh/catkin2_ws/devel/share/actionlib/msg/TestRequestResult.msg)
Linked: (/home/vinh/catkin2_ws/devel/.private/actionlib/share/actionlib/msg/TestActionFeedback.msg, /home/vinh/catkin2_ws/devel/share/actionlib/msg/TestActionFeedback.msg)
Linked: (/home/vinh/catkin2_ws/devel/.private/actionlib/share/actionlib/msg/TwoIntsActionFeedback.msg, /home/vinh/catkin2_ws/devel/share/actionlib/msg/TwoIntsActionFeedback.msg)
Linked: (/home/vinh/catkin2_ws/devel/.private/actionlib/share/actionlib/msg/TestRequestGoal.msg, /home/vinh/catkin2_ws/devel/share/actionlib/msg/TestRequestGoal.msg)
Linked: (/home/vinh/catkin2_ws/devel/.private/actionlib/share/actionlib/msg/TwoIntsGoal.msg, /home/vinh/catkin2_ws/devel/share/actionlib/msg/TwoIntsGoal.msg)
Linked: (/home/vinh/catkin2_ws/devel/.private/actionlib/share/actionlib/msg/TestRequestFeedback.msg, /home/vinh/catkin2_ws/devel/share/actionlib/msg/TestRequestFeedback.msg)
Linked: (/home/vinh/catkin2_ws/devel/.private/actionlib/share/actionlib/cmake/actionlibConfig-version.cmake, /home/vinh/catkin2_ws/devel/share/actionlib/cmake/actionlibConfig-version.cmake)
Linked: (/home/vinh/catkin2_ws/devel/.private/actionlib/share/actionlib/cmake/actionlib-msg-paths.cmake, /home/vinh/catkin2_ws/devel/share/actionlib/cmake/actionlib-msg-paths.cmake)
Linked: (/home/vinh/catkin2_ws/devel/.private/actionlib/share/actionlib/cmake/actionlib-msg-extras.cmake, /home/vinh/catkin2_ws/devel/share/actionlib/cmake/actionlib-msg-extras.cmake)
Linked: (/home/vinh/catkin2_ws/devel/.private/actionlib/share/actionlib/cmake/actionlibConfig.cmake, /home/vinh/catkin2_ws/devel/share/actionlib/cmake/actionlibConfig.cmake)
Linked: (/home/vinh/catkin2_ws/devel/.private/actionlib/share/common-lisp/ros/actionlib/msg/_package_TwoIntsAction.lisp, /home/vinh/catkin2_ws/devel/share/common-lisp/ros/actionlib/msg/_package_TwoIntsAction.lisp)
Linked: (/home/vinh/catkin2_ws/devel/.private/actionlib/share/common-lisp/ros/actionlib/msg/_package_TestRequestActionFeedback.lisp, /home/vinh/catkin2_ws/devel/share/common-lisp/ros/actionlib/msg/_package_TestRequestActionFeedback.lisp)
Linked: (/home/vinh/catkin2_ws/devel/.private/actionlib/share/common-lisp/ros/actionlib/msg/_package_TestActionFeedback.lisp, /home/vinh/catkin2_ws/devel/share/common-lisp/ros/actionlib/msg/_package_TestActionFeedback.lisp)
Linked: (/home/vinh/catkin2_ws/devel/.private/actionlib/share/common-lisp/ros/actionlib/msg/TestGoal.lisp, /home/vinh/catkin2_ws/devel/share/common-lisp/ros/actionlib/msg/TestGoal.lisp)
Linked: (/home/vinh/catkin2_ws/devel/.private/actionlib/share/common-lisp/ros/actionlib/msg/_package_TwoIntsActionFeedback.lisp, /home/vinh/catkin2_ws/devel/share/common-lisp/ros/actionlib/msg/_package_TwoIntsActionFeedback.lisp)
Linked: (/home/vinh/catkin2_ws/devel/.private/actionlib/share/common-lisp/ros/actionlib/msg/TwoIntsActionFeedback.lisp, /home/vinh/catkin2_ws/devel/share/common-lisp/ros/actionlib/msg/TwoIntsActionFeedback.lisp)
Linked: (/home/vinh/catkin2_ws/devel/.private/actionlib/share/common-lisp/ros/actionlib/msg/_package_TestRequestActionResult.lisp, /home/vinh/catkin2_ws/devel/share/common-lisp/ros/actionlib/msg/_package_TestRequestActionResult.lisp)
Linked: (/home/vinh/catkin2_ws/devel/.private/actionlib/share/common-lisp/ros/actionlib/msg/TwoIntsActionResult.lisp, /home/vinh/catkin2_ws/devel/share/common-lisp/ros/actionlib/msg/TwoIntsActionResult.lisp)
Linked: (/home/vinh/catkin2_ws/devel/.private/actionlib/share/common-lisp/ros/actionlib/msg/TwoIntsResult.lisp, /home/vinh/catkin2_ws/devel/share/common-lisp/ros/actionlib/msg/TwoIntsResult.lisp)
Linked: (/home/vinh/catkin2_ws/devel/.private/actionlib/share/common-lisp/ros/actionlib/msg/_package_TestAction.lisp, /home/vinh/catkin2_ws/devel/share/common-lisp/ros/actionlib/msg/_package_TestAction.lisp)
Linked: (/home/vinh/catkin2_ws/devel/.private/actionlib/share/common-lisp/ros/actionlib/msg/TestRequestGoal.lisp, /home/vinh/catkin2_ws/devel/share/common-lisp/ros/actionlib/msg/TestRequestGoal.lisp)
Linked: (/home/vinh/catkin2_ws/devel/.private/actionlib/share/common-lisp/ros/actionlib/msg/TwoIntsGoal.lisp, /home/vinh/catkin2_ws/devel/share/common-lisp/ros/actionlib/msg/TwoIntsGoal.lisp)
Linked: (/home/vinh/catkin2_ws/devel/.private/actionlib/share/common-lisp/ros/actionlib/msg/TwoIntsActionGoal.lisp, /home/vinh/catkin2_ws/devel/share/common-lisp/ros/actionlib/msg/TwoIntsActionGoal.lisp)
Linked: (/home/vinh/catkin2_ws/devel/.private/actionlib/share/common-lisp/ros/actionlib/msg/actionlib-msg.asd, /home/vinh/catkin2_ws/devel/share/common-lisp/ros/actionlib/msg/actionlib-msg.asd)
Linked: (/home/vinh/catkin2_ws/devel/.private/actionlib/share/common-lisp/ros/actionlib/msg/_package_TestResult.lisp, /home/vinh/catkin2_ws/devel/share/common-lisp/ros/actionlib/msg/_package_TestResult.lisp)
Linked: (/home/vinh/catkin2_ws/devel/.private/actionlib/share/common-lisp/ros/actionlib/msg/TestRequestResult.lisp, /home/vinh/catkin2_ws/devel/share/common-lisp/ros/actionlib/msg/TestRequestResult.lisp)
Linked: (/home/vinh/catkin2_ws/devel/.private/actionlib/share/common-lisp/ros/actionlib/msg/_package_TwoIntsActionResult.lisp, /home/vinh/catkin2_ws/devel/share/common-lisp/ros/actionlib/msg/_package_TwoIntsActionResult.lisp)
Linked: (/home/vinh/catkin2_ws/devel/.private/actionlib/share/common-lisp/ros/actionlib/msg/_package_TestActionResult.lisp, /home/vinh/catkin2_ws/devel/share/common-lisp/ros/actionlib/msg/_package_TestActionResult.lisp)
Linked: (/home/vinh/catkin2_ws/devel/.private/actionlib/share/common-lisp/ros/actionlib/msg/_package_TestFeedback.lisp, /home/vinh/catkin2_ws/devel/share/common-lisp/ros/actionlib/msg/_package_TestFeedback.lisp)
Linked: (/home/vinh/catkin2_ws/devel/.private/actionlib/share/common-lisp/ros/actionlib/msg/_package.lisp, /home/vinh/catkin2_ws/devel/share/common-lisp/ros/actionlib/msg/_package.lisp)
Linked: (/home/vinh/catkin2_ws/devel/.private/actionlib/share/common-lisp/ros/actionlib/msg/TestActionFeedback.lisp, /home/vinh/catkin2_ws/devel/share/common-lisp/ros/actionlib/msg/TestActionFeedback.lisp)
Linked: (/home/vinh/catkin2_ws/devel/.private/actionlib/share/common-lisp/ros/actionlib/msg/_package_TestRequestAction.lisp, /home/vinh/catkin2_ws/devel/share/common-lisp/ros/actionlib/msg/_package_TestRequestAction.lisp)
Linked: (/home/vinh/catkin2_ws/devel/.private/actionlib/share/common-lisp/ros/actionlib/msg/TestRequestActionResult.lisp, /home/vinh/catkin2_ws/devel/share/common-lisp/ros/actionlib/msg/TestRequestActionResult.lisp)
Linked: (/home/vinh/catkin2_ws/devel/.private/actionlib/share/common-lisp/ros/actionlib/msg/TestAction.lisp, /home/vinh/catkin2_ws/devel/share/common-lisp/ros/actionlib/msg/TestAction.lisp)
Linked: (/home/vinh/catkin2_ws/devel/.private/actionlib/share/common-lisp/ros/actionlib/msg/_package_TestRequestGoal.lisp, /home/vinh/catkin2_ws/devel/share/common-lisp/ros/actionlib/msg/_package_TestRequestGoal.lisp)
Linked: (/home/vinh/catkin2_ws/devel/.private/actionlib/share/common-lisp/ros/actionlib/msg/_package_TestGoal.lisp, /home/vinh/catkin2_ws/devel/share/common-lisp/ros/actionlib/msg/_package_TestGoal.lisp)
Linked: (/home/vinh/catkin2_ws/devel/.private/actionlib/share/common-lisp/ros/actionlib/msg/TwoIntsAction.lisp, /home/vinh/catkin2_ws/devel/share/common-lisp/ros/actionlib/msg/TwoIntsAction.lisp)
Linked: (/home/vinh/catkin2_ws/devel/.private/actionlib/share/common-lisp/ros/actionlib/msg/TwoIntsFeedback.lisp, /home/vinh/catkin2_ws/devel/share/common-lisp/ros/actionlib/msg/TwoIntsFeedback.lisp)
Linked: (/home/vinh/catkin2_ws/devel/.private/actionlib/share/common-lisp/ros/actionlib/msg/TestRequestActionFeedback.lisp, /home/vinh/catkin2_ws/devel/share/common-lisp/ros/actionlib/msg/TestRequestActionFeedback.lisp)
Linked: (/home/vinh/catkin2_ws/devel/.private/actionlib/share/common-lisp/ros/actionlib/msg/TestRequestAction.lisp, /home/vinh/catkin2_ws/devel/share/common-lisp/ros/actionlib/msg/TestRequestAction.lisp)
Linked: (/home/vinh/catkin2_ws/devel/.private/actionlib/share/common-lisp/ros/actionlib/msg/_package_TestRequestActionGoal.lisp, /home/vinh/catkin2_ws/devel/share/common-lisp/ros/actionlib/msg/_package_TestRequestActionGoal.lisp)
Linked: (/home/vinh/catkin2_ws/devel/.private/actionlib/share/common-lisp/ros/actionlib/msg/_package_TestRequestResult.lisp, /home/vinh/catkin2_ws/devel/share/common-lisp/ros/actionlib/msg/_package_TestRequestResult.lisp)
Linked: (/home/vinh/catkin2_ws/devel/.private/actionlib/share/common-lisp/ros/actionlib/msg/_package_TestActionGoal.lisp, /home/vinh/catkin2_ws/devel/share/common-lisp/ros/actionlib/msg/_package_TestActionGoal.lisp)
Linked: (/home/vinh/catkin2_ws/devel/.private/actionlib/share/common-lisp/ros/actionlib/msg/_package_TestRequestFeedback.lisp, /home/vinh/catkin2_ws/devel/share/common-lisp/ros/actionlib/msg/_package_TestRequestFeedback.lisp)
Linked: (/home/vinh/catkin2_ws/devel/.private/actionlib/share/common-lisp/ros/actionlib/msg/TestResult.lisp, /home/vinh/catkin2_ws/devel/share/common-lisp/ros/actionlib/msg/TestResult.lisp)
Linked: (/home/vinh/catkin2_ws/devel/.private/actionlib/share/common-lisp/ros/actionlib/msg/TestFeedback.lisp, /home/vinh/catkin2_ws/devel/share/common-lisp/ros/actionlib/msg/TestFeedback.lisp)
Linked: (/home/vinh/catkin2_ws/devel/.private/actionlib/share/common-lisp/ros/actionlib/msg/TestRequestActionGoal.lisp, /home/vinh/catkin2_ws/devel/share/common-lisp/ros/actionlib/msg/TestRequestActionGoal.lisp)
Linked: (/home/vinh/catkin2_ws/devel/.private/actionlib/share/common-lisp/ros/actionlib/msg/_package_TwoIntsActionGoal.lisp, /home/vinh/catkin2_ws/devel/share/common-lisp/ros/actionlib/msg/_package_TwoIntsActionGoal.lisp)
Linked: (/home/vinh/catkin2_ws/devel/.private/actionlib/share/common-lisp/ros/actionlib/msg/_package_TwoIntsGoal.lisp, /home/vinh/catkin2_ws/devel/share/common-lisp/ros/actionlib/msg/_package_TwoIntsGoal.lisp)
Linked: (/home/vinh/catkin2_ws/devel/.private/actionlib/share/common-lisp/ros/actionlib/msg/_package_TwoIntsResult.lisp, /home/vinh/catkin2_ws/devel/share/common-lisp/ros/actionlib/msg/_package_TwoIntsResult.lisp)
Linked: (/home/vinh/catkin2_ws/devel/.private/actionlib/share/common-lisp/ros/actionlib/msg/TestActionResult.lisp, /home/vinh/catkin2_ws/devel/share/common-lisp/ros/actionlib/msg/TestActionResult.lisp)
Linked: (/home/vinh/catkin2_ws/devel/.private/actionlib/share/common-lisp/ros/actionlib/msg/_package_TwoIntsFeedback.lisp, /home/vinh/catkin2_ws/devel/share/common-lisp/ros/actionlib/msg/_package_TwoIntsFeedback.lisp)
Linked: (/home/vinh/catkin2_ws/devel/.private/actionlib/share/common-lisp/ros/actionlib/msg/TestActionGoal.lisp, /home/vinh/catkin2_ws/devel/share/common-lisp/ros/actionlib/msg/TestActionGoal.lisp)
Linked: (/home/vinh/catkin2_ws/devel/.private/actionlib/share/common-lisp/ros/actionlib/msg/TestRequestFeedback.lisp, /home/vinh/catkin2_ws/devel/share/common-lisp/ros/actionlib/msg/TestRequestFeedback.lisp)
Linked: (/home/vinh/catkin2_ws/devel/.private/actionlib/share/roseus/ros/actionlib/manifest.l, /home/vinh/catkin2_ws/devel/share/roseus/ros/actionlib/manifest.l)
Linked: (/home/vinh/catkin2_ws/devel/.private/actionlib/share/roseus/ros/actionlib/msg/TestRequestActionResult.l, /home/vinh/catkin2_ws/devel/share/roseus/ros/actionlib/msg/TestRequestActionResult.l)
Linked: (/home/vinh/catkin2_ws/devel/.private/actionlib/share/roseus/ros/actionlib/msg/TwoIntsActionGoal.l, /home/vinh/catkin2_ws/devel/share/roseus/ros/actionlib/msg/TwoIntsActionGoal.l)
Linked: (/home/vinh/catkin2_ws/devel/.private/actionlib/share/roseus/ros/actionlib/msg/TestResult.l, /home/vinh/catkin2_ws/devel/share/roseus/ros/actionlib/msg/TestResult.l)
Linked: (/home/vinh/catkin2_ws/devel/.private/actionlib/share/roseus/ros/actionlib/msg/TwoIntsFeedback.l, /home/vinh/catkin2_ws/devel/share/roseus/ros/actionlib/msg/TwoIntsFeedback.l)
Linked: (/home/vinh/catkin2_ws/devel/.private/actionlib/share/roseus/ros/actionlib/msg/TestAction.l, /home/vinh/catkin2_ws/devel/share/roseus/ros/actionlib/msg/TestAction.l)
Linked: (/home/vinh/catkin2_ws/devel/.private/actionlib/share/roseus/ros/actionlib/msg/TwoIntsAction.l, /home/vinh/catkin2_ws/devel/share/roseus/ros/actionlib/msg/TwoIntsAction.l)
Linked: (/home/vinh/catkin2_ws/devel/.private/actionlib/share/roseus/ros/actionlib/msg/TestRequestActionGoal.l, /home/vinh/catkin2_ws/devel/share/roseus/ros/actionlib/msg/TestRequestActionGoal.l)
Linked: (/home/vinh/catkin2_ws/devel/.private/actionlib/share/roseus/ros/actionlib/msg/TestRequestActionFeedback.l, /home/vinh/catkin2_ws/devel/share/roseus/ros/actionlib/msg/TestRequestActionFeedback.l)
Linked: (/home/vinh/catkin2_ws/devel/.private/actionlib/share/roseus/ros/actionlib/msg/TwoIntsActionFeedback.l, /home/vinh/catkin2_ws/devel/share/roseus/ros/actionlib/msg/TwoIntsActionFeedback.l)
Linked: (/home/vinh/catkin2_ws/devel/.private/actionlib/share/roseus/ros/actionlib/msg/TestRequestGoal.l, /home/vinh/catkin2_ws/devel/share/roseus/ros/actionlib/msg/TestRequestGoal.l)
Linked: (/home/vinh/catkin2_ws/devel/.private/actionlib/share/roseus/ros/actionlib/msg/TestActionResult.l, /home/vinh/catkin2_ws/devel/share/roseus/ros/actionlib/msg/TestActionResult.l)
Linked: (/home/vinh/catkin2_ws/devel/.private/actionlib/share/roseus/ros/actionlib/msg/TwoIntsResult.l, /home/vinh/catkin2_ws/devel/share/roseus/ros/actionlib/msg/TwoIntsResult.l)
Linked: (/home/vinh/catkin2_ws/devel/.private/actionlib/share/roseus/ros/actionlib/msg/TwoIntsActionResult.l, /home/vinh/catkin2_ws/devel/share/roseus/ros/actionlib/msg/TwoIntsActionResult.l)
Linked: (/home/vinh/catkin2_ws/devel/.private/actionlib/share/roseus/ros/actionlib/msg/TestRequestFeedback.l, /home/vinh/catkin2_ws/devel/share/roseus/ros/actionlib/msg/TestRequestFeedback.l)
Linked: (/home/vinh/catkin2_ws/devel/.private/actionlib/share/roseus/ros/actionlib/msg/TwoIntsGoal.l, /home/vinh/catkin2_ws/devel/share/roseus/ros/actionlib/msg/TwoIntsGoal.l)
Linked: (/home/vinh/catkin2_ws/devel/.private/actionlib/share/roseus/ros/actionlib/msg/TestActionFeedback.l, /home/vinh/catkin2_ws/devel/share/roseus/ros/actionlib/msg/TestActionFeedback.l)
Linked: (/home/vinh/catkin2_ws/devel/.private/actionlib/share/roseus/ros/actionlib/msg/TestFeedback.l, /home/vinh/catkin2_ws/devel/share/roseus/ros/actionlib/msg/TestFeedback.l)
Linked: (/home/vinh/catkin2_ws/devel/.private/actionlib/share/roseus/ros/actionlib/msg/TestRequestResult.l, /home/vinh/catkin2_ws/devel/share/roseus/ros/actionlib/msg/TestRequestResult.l)
Linked: (/home/vinh/catkin2_ws/devel/.private/actionlib/share/roseus/ros/actionlib/msg/TestGoal.l, /home/vinh/catkin2_ws/devel/share/roseus/ros/actionlib/msg/TestGoal.l)
Linked: (/home/vinh/catkin2_ws/devel/.private/actionlib/share/roseus/ros/actionlib/msg/TestRequestAction.l, /home/vinh/catkin2_ws/devel/share/roseus/ros/actionlib/msg/TestRequestAction.l)
Linked: (/home/vinh/catkin2_ws/devel/.private/actionlib/share/roseus/ros/actionlib/msg/TestActionGoal.l, /home/vinh/catkin2_ws/devel/share/roseus/ros/actionlib/msg/TestActionGoal.l)
Linked: (/home/vinh/catkin2_ws/devel/.private/actionlib/lib/libactionlib.so, /home/vinh/catkin2_ws/devel/lib/libactionlib.so)
Linked: (/home/vinh/catkin2_ws/devel/.private/actionlib/lib/pkgconfig/actionlib.pc, /home/vinh/catkin2_ws/devel/lib/pkgconfig/actionlib.pc)
Linked: (/home/vinh/catkin2_ws/devel/.private/actionlib/lib/python3/dist-packages/actionlib/__init__.py, /home/vinh/catkin2_ws/devel/lib/python3/dist-packages/actionlib/__init__.py)
Linked: (/home/vinh/catkin2_ws/devel/.private/actionlib/lib/python3/dist-packages/actionlib/msg/_TestRequestResult.py, /home/vinh/catkin2_ws/devel/lib/python3/dist-packages/actionlib/msg/_TestRequestResult.py)
Linked: (/home/vinh/catkin2_ws/devel/.private/actionlib/lib/python3/dist-packages/actionlib/msg/_TwoIntsResult.py, /home/vinh/catkin2_ws/devel/lib/python3/dist-packages/actionlib/msg/_TwoIntsResult.py)
Linked: (/home/vinh/catkin2_ws/devel/.private/actionlib/lib/python3/dist-packages/actionlib/msg/_TestGoal.py, /home/vinh/catkin2_ws/devel/lib/python3/dist-packages/actionlib/msg/_TestGoal.py)
Linked: (/home/vinh/catkin2_ws/devel/.private/actionlib/lib/python3/dist-packages/actionlib/msg/_TestRequestActionResult.py, /home/vinh/catkin2_ws/devel/lib/python3/dist-packages/actionlib/msg/_TestRequestActionResult.py)
Linked: (/home/vinh/catkin2_ws/devel/.private/actionlib/lib/python3/dist-packages/actionlib/msg/_TestRequestFeedback.py, /home/vinh/catkin2_ws/devel/lib/python3/dist-packages/actionlib/msg/_TestRequestFeedback.py)
Linked: (/home/vinh/catkin2_ws/devel/.private/actionlib/lib/python3/dist-packages/actionlib/msg/_TwoIntsAction.py, /home/vinh/catkin2_ws/devel/lib/python3/dist-packages/actionlib/msg/_TwoIntsAction.py)
Linked: (/home/vinh/catkin2_ws/devel/.private/actionlib/lib/python3/dist-packages/actionlib/msg/_TestRequestGoal.py, /home/vinh/catkin2_ws/devel/lib/python3/dist-packages/actionlib/msg/_TestRequestGoal.py)
Linked: (/home/vinh/catkin2_ws/devel/.private/actionlib/lib/python3/dist-packages/actionlib/msg/_TestRequestAction.py, /home/vinh/catkin2_ws/devel/lib/python3/dist-packages/actionlib/msg/_TestRequestAction.py)
Linked: (/home/vinh/catkin2_ws/devel/.private/actionlib/lib/python3/dist-packages/actionlib/msg/_TestActionGoal.py, /home/vinh/catkin2_ws/devel/lib/python3/dist-packages/actionlib/msg/_TestActionGoal.py)
Linked: (/home/vinh/catkin2_ws/devel/.private/actionlib/lib/python3/dist-packages/actionlib/msg/_TestFeedback.py, /home/vinh/catkin2_ws/devel/lib/python3/dist-packages/actionlib/msg/_TestFeedback.py)
Linked: (/home/vinh/catkin2_ws/devel/.private/actionlib/lib/python3/dist-packages/actionlib/msg/_TestActionResult.py, /home/vinh/catkin2_ws/devel/lib/python3/dist-packages/actionlib/msg/_TestActionResult.py)
Linked: (/home/vinh/catkin2_ws/devel/.private/actionlib/lib/python3/dist-packages/actionlib/msg/_TestRequestActionGoal.py, /home/vinh/catkin2_ws/devel/lib/python3/dist-packages/actionlib/msg/_TestRequestActionGoal.py)
Linked: (/home/vinh/catkin2_ws/devel/.private/actionlib/lib/python3/dist-packages/actionlib/msg/_TwoIntsActionGoal.py, /home/vinh/catkin2_ws/devel/lib/python3/dist-packages/actionlib/msg/_TwoIntsActionGoal.py)
Linked: (/home/vinh/catkin2_ws/devel/.private/actionlib/lib/python3/dist-packages/actionlib/msg/_TestRequestActionFeedback.py, /home/vinh/catkin2_ws/devel/lib/python3/dist-packages/actionlib/msg/_TestRequestActionFeedback.py)
Linked: (/home/vinh/catkin2_ws/devel/.private/actionlib/lib/python3/dist-packages/actionlib/msg/_TwoIntsActionResult.py, /home/vinh/catkin2_ws/devel/lib/python3/dist-packages/actionlib/msg/_TwoIntsActionResult.py)
Linked: (/home/vinh/catkin2_ws/devel/.private/actionlib/lib/python3/dist-packages/actionlib/msg/__init__.py, /home/vinh/catkin2_ws/devel/lib/python3/dist-packages/actionlib/msg/__init__.py)
Linked: (/home/vinh/catkin2_ws/devel/.private/actionlib/lib/python3/dist-packages/actionlib/msg/_TwoIntsGoal.py, /home/vinh/catkin2_ws/devel/lib/python3/dist-packages/actionlib/msg/_TwoIntsGoal.py)
Linked: (/home/vinh/catkin2_ws/devel/.private/actionlib/lib/python3/dist-packages/actionlib/msg/_TestResult.py, /home/vinh/catkin2_ws/devel/lib/python3/dist-packages/actionlib/msg/_TestResult.py)
Linked: (/home/vinh/catkin2_ws/devel/.private/actionlib/lib/python3/dist-packages/actionlib/msg/_TwoIntsFeedback.py, /home/vinh/catkin2_ws/devel/lib/python3/dist-packages/actionlib/msg/_TwoIntsFeedback.py)
Linked: (/home/vinh/catkin2_ws/devel/.private/actionlib/lib/python3/dist-packages/actionlib/msg/_TestActionFeedback.py, /home/vinh/catkin2_ws/devel/lib/python3/dist-packages/actionlib/msg/_TestActionFeedback.py)
Linked: (/home/vinh/catkin2_ws/devel/.private/actionlib/lib/python3/dist-packages/actionlib/msg/_TestAction.py, /home/vinh/catkin2_ws/devel/lib/python3/dist-packages/actionlib/msg/_TestAction.py)
Linked: (/home/vinh/catkin2_ws/devel/.private/actionlib/lib/python3/dist-packages/actionlib/msg/_TwoIntsActionFeedback.py, /home/vinh/catkin2_ws/devel/lib/python3/dist-packages/actionlib/msg/_TwoIntsActionFeedback.py)
